T6F6A7000 047:026.876   SEGGER J-Link V7.96h Log File
T6F6A7000 047:026.955   DLL Compiled: May 15 2024 15:36:44
T6F6A7000 047:026.962   Logging started @ 2024-05-28 12:06
T6F6A7000 047:026.968   Process: /Applications/SEGGER/Ozone_V334/Ozone.app/Contents/MacOS/Ozone
T6F6A7000 047:026.974 - 47026.973ms
T6F6A7000 078:025.170 JLINK_EMU_SelectByUSBSN(SerialNo = 933001354)
T6F6A7000 078:027.522 - 2.368ms returns 0x00
T6F6A7000 078:027.591 JLINK_EnableLog(...)
T6F6A7000 078:027.608 - 0.018ms
T6F6A7000 078:027.625 JLINK_SetErrorOutHandler(...)
T6F6A7000 078:027.639 - 0.015ms
T6F6A7000 078:027.653 JLINK_SetWarnOutHandler(...)
T6F6A7000 078:027.666 - 0.013ms
T6F6A7000 078:027.683 JLINK_Open()
T6F6A7000 078:033.686   Firmware: J-Trace PRO V3 Cortex compiled May 22 2024 10:46:12
T6F6A7000 078:042.019   Hardware: V3.00
T6F6A7000 078:042.090   S/N: 933001354
T6F6A7000 078:042.105   OEM: SEGGER
T6F6A7000 078:042.120   Feature(s): RDI, FlashBP, FlashDL, JFlash, GDB
T6F6A7000 078:045.898   Bootloader: 2021 Jul 29
T6F6A7000 078:048.385   USB speed mode: Super speed (5 GBit/s)
T6F6A7000 078:049.603   TELNET listener socket opened on port 19021
T6F6A7000 078:049.708 - 22.024ms returns "O.K."
T6F6A7000 078:049.724 JLINK_GetSN()
T6F6A7000 078:049.733 - 0.010ms returns 933001354
T6F6A7000 078:049.742 JLINK_GetAvailableLicense()
T6F6A7000 078:050.204 - 0.462ms returns 0x05
T6F6A7000 078:050.217 JLINK_GetFirmwareString(...)
T6F6A7000 078:050.226 - 0.010ms
T6F6A7000 078:050.237 JLINK_DEVICE_GetInfo(DeviceIndex = -1)
T6F6A7000 078:050.246 - 0.010ms returns 10955
T6F6A7000 078:050.256 JLINK_EMU_GetCurrConnectionInfo()
T6F6A7000 078:050.387 - 0.131ms returns 0
T6F6A7000 078:050.419 JLINK_ExecCommand("device=R7S721020", ...). 
T6F6A7000 078:053.649   Device "R7S721020" selected.
T6F6A7000 078:054.441 - 4.011ms returns 0x00
T6F6A7000 078:054.453 JLINK_SetEndian(ARM_ENDIAN_LITTLE)
T6F6A7000 078:054.461 - 0.008ms returns 0
T6F6A7000 078:054.469 JLINK_SetCoreIndex(0)
T6F6A7000 078:054.476 - 0.007ms
T6F6A7000 078:054.484 JLINK_TIF_Select(JLINKARM_TIF_SWD)
T6F6A7000 078:055.007 - 0.523ms returns 0x00
T6F6A7000 078:055.019 JLINK_SetSpeed(50000)
T6F6A7000 078:055.113 - 0.094ms
T6F6A7000 078:055.124 JLINK_Connect()
T6F6A7000 078:056.070   ConfigTargetSettings() start
T6F6A7000 078:056.086    J-Link Script File: Executing ConfigTargetSettings()
T6F6A7000 078:056.108   ConfigTargetSettings() end - Took 19us
T6F6A7000 078:056.428   Found SW-DP with ID 0x3BA02477
T6F6A7000 078:058.616   DPIDR: 0x3BA02477
T6F6A7000 078:058.638   CoreSight SoC-400 or earlier
T6F6A7000 078:058.652   AP map detection skipped. Manually configured AP map found.
T6F6A7000 078:058.665   AP[0]: MEM-AP (IDR: Not set)
T6F6A7000 078:058.677   AP[1]: APB-AP (IDR: Not set)
T6F6A7000 078:058.689   Using preconfigured AP[1] as APB-AP
T6F6A7000 078:058.702   AP[1]: APB-AP found
T6F6A7000 078:072.384   ROMTbl[0][0]: CompAddr: 80002000 CID: B105900D, PID: 003BB906 CTI (?)
T6F6A7000 078:081.778   ROMTbl[0][1]: CompAddr: 80008000 CID: B105900D, PID: 003BB906 CTI (?)
T6F6A7000 078:090.365   ROMTbl[0][2]: CompAddr: 8000C000 CID: B105900D, PID: 003BB906 CTI (?)
T6F6A7000 078:096.280   ROMTbl[0][3]: CompAddr: 8000F000 CID: B105F00D, PID: 000A3FA9 ???
T6F6A7000 078:104.150   ROMTbl[0][4]: CompAddr: 80020000 CID: B105100D, PID: 000BB4A9 ROM Table
T6F6A7000 078:117.954   ROMTbl[1][0]: CompAddr: 80021000 CID: B105900D, PID: 001BB961 TMC
T6F6A7000 078:127.359   ROMTbl[1][1]: CompAddr: 80022000 CID: B105900D, PID: 003BB906 CTI (?)
T6F6A7000 078:138.669   ROMTbl[1][2]: CompAddr: 80023000 CID: B105900D, PID: 004BB912 TPIU
T6F6A7000 078:151.580   ROMTbl[1][3]: CompAddr: 80024000 CID: B105900D, PID: 001BB908 CSTF
T6F6A7000 078:163.227   ROMTbl[1][4]: CompAddr: 80030000 CID: B105900D, PID: 000BBC09 Cortex-A9
T6F6A7000 078:164.553   Found Cortex-A9 r3p0
T6F6A7000 078:164.568   6 code breakpoints, 4 data breakpoints
T6F6A7000 078:164.578   Debug architecture ARMv7.0
T6F6A7000 078:183.461   Data endian: little
T6F6A7000 078:188.619   Main ID register: 0x413FC090
T6F6A7000 078:207.375   I-Cache L1: 32 KB, 256 Sets, 32 Bytes/Line, 4-Way
T6F6A7000 078:207.406   D-Cache L1: 32 KB, 256 Sets, 32 Bytes/Line, 4-Way
T6F6A7000 078:215.378   System control register:
T6F6A7000 078:215.404     Instruction endian: little
T6F6A7000 078:215.409     Level-1 instruction cache enabled
T6F6A7000 078:215.413     Level-1 data cache enabled
T6F6A7000 078:215.418     MMU enabled
T6F6A7000 078:215.422     Branch prediction enabled
T6F6A7000 078:230.817   -- Max. mem block: 0x00016700
T6F6A7000 078:230.949 - 175.824ms returns 0x00
T6F6A7000 078:230.959 JLINK_IsConnected()
T6F6A7000 078:230.963 - 0.004ms returns TRUE
T6F6A7000 078:230.967 JLINK_GetSpeed()
T6F6A7000 078:230.970 - 0.003ms returns 50000
T6F6A7000 078:230.974 JLINK_Api_CanAccMemwhileRunning()
T6F6A7000 078:231.086 - 0.111ms returns 2
T6F6A7000 078:231.095 JLINK_RAWTRACE_Control(JLINKARM_RAWTRACE_CMD_GET_CAPS, ...)
T6F6A7000 078:231.193 - 0.099ms returns 0x00, *pData = 0x00001FFF
T6F6A7000 078:231.199 JLINK_POWERTRACE_Control(JLINK_POWERTRACE_CMD_GET_CAPS, ...)
T6F6A7000 078:231.295 - 0.096ms returns 0x00
T6F6A7000 078:231.301 JLINK_GetMemZones(...)
T6F6A7000 078:231.304 - 0.003ms returns 2
T6F6A7000 078:231.308 JLINK_IsOpen()
T6F6A7000 078:231.311 - 0.003ms returns 0x01
T6F6A7000 078:231.314 JLINK_IsConnected()
T6F6A7000 078:231.317 - 0.003ms returns TRUE
T6F6A7000 078:231.321 JLINK_EnableSoftBPs(ON)
T6F6A7000 078:231.324 - 0.004ms
T6F6A7000 078:231.328 JLINK_SetEndian(ARM_ENDIAN_LITTLE)
T6F6A7000 078:231.331 - 0.003ms returns 0
T6F6A7000 078:231.336 JLINK_IsHalted()
T6F6A7000 078:231.502 - 0.167ms returns FALSE
TF5EEFAC0 078:255.124 JLINK_GetDebugInfo(0x01 = Unknown)
TF5EEFAC0 078:255.154 - 0.031ms returns -1
TF5EEFAC0 078:255.159 JLINK_GetDebugInfo(0x10F = JLINKARM_DEBUG_INFO_HAS_CORTEX_M_SECURITY_EXT_INDEX)
TF5EEFAC0 078:255.162 - 0.003ms returns -1
T6F6A7000 078:255.357 JLINK_Halt()
T6F6A7000 078:255.928 - 0.571ms returns 0x00
T6F6A7000 078:255.935 JLINK_Reset()
T6F6A7000 078:384.295   Cortex-A/R (reset): Re-initializing debug logic.
T6F6A7000 078:391.701   
  ***** Warning: 
T6F6A7000 078:391.719   CPU not halted after Reset, halting using Halt request
T6F6A7000 078:394.751   AfterResetTarget() start
T6F6A7000 078:394.759    J-Link Script File: Executing AfterResetTarget()
T6F6A7000 078:394.772   AfterResetTarget() end - Took 6us
T6F6A7000 078:394.777 - 138.842ms
T6F6A7000 078:394.781 JLINK_IsHalted()
T6F6A7000 078:394.785 - 0.004ms returns TRUE
T6F6A7000 078:394.794 JLINK_ReadRegs_64(NumRegs = 1, Indexes: 
T6F6A7000 078:394.797   9)
T6F6A7000 078:394.807    -- R15 (PC)=0x20020A80
T6F6A7000 078:394.812 - 0.018ms returns 0
T6F6A7000 078:394.815 JLINK_ReadRegs_64(NumRegs = 1, Indexes: 
T6F6A7000 078:394.818   79)
T6F6A7000 078:395.040    -- R13=0x202F5FE0
T6F6A7000 078:395.051 - 0.236ms returns 0
T6F6A7000 078:395.063 JLINK_POWERTRACE_Control(JLINK_POWERTRACE_CMD_FLUSH, ...)
T6F6A7000 078:395.067   Debugger requested to flush all items
T6F6A7000 078:395.072   Flushed 0x0 items
T6F6A7000 078:395.076 - 0.014ms returns 0x00
T6F6A7000 078:395.080 JLINK_POWERTRACE_Control(JLINK_POWERTRACE_CMD_FLUSH, ...)
T6F6A7000 078:395.083   Debugger requested to flush all items
T6F6A7000 078:395.087   Flushed 0x0 items
T6F6A7000 078:395.091 - 0.012ms returns 0x00
TF5EEFAC0 078:494.308 JLINK_ReadRegs_64(NumRegs = 1, Indexes: 
TF5EEFAC0 078:494.346   9)
TF5EEFAC0 078:494.355    -- R15 (PC)=0x20020A80
TF5EEFAC0 078:494.360 - 0.053ms returns 0
TF5EEFAC0 078:494.364 JLINK_ReadRegs_64(NumRegs = 1, Indexes: 
TF5EEFAC0 078:494.367   79)
TF5EEFAC0 078:494.372    -- R13=0x202F5FE0
TF5EEFAC0 078:494.376 - 0.012ms returns 0
T6F6A7000 078:495.074 JLINK_WriteMemEx(0x20020000, 0x0018D4B8 Bytes, Flags = 0x00000000)
T6F6A7000 078:495.085   Data:  00 00 00 00 00 00 00 00 00 00 00 00 00 00 00 00 ...
T6F6A7000 078:495.547    -- Need to split memory access
T6F6A7000 078:495.575    -- #0: 0x20020000, 0x000E0000 bytes
T6F6A7000 078:495.599   CPU_WriteMem(917504 bytes @ 0x20020000)
T6F6A7000 078:893.197    -- #1: 0x20100000, 0x000AD4B8 bytes
T6F6A7000 078:893.629   CPU_WriteMem(709816 bytes @ 0x20100000)
T6F6A7000 079:202.624 - 707.549ms returns 0x18D4B8
T6F6A7000 079:202.756 JLINK_WriteMemEx(0x201AD4B8, 0x000047E0 Bytes, Flags = 0x00000000)
T6F6A7000 079:202.781   Data:  08 00 00 0C 07 00 00 00 45 6E 67 6C 69 73 68 00 ...
T6F6A7000 079:202.878   CPU_WriteMem(18400 bytes @ 0x201AD4B8)
T6F6A7000 079:211.112 - 8.356ms returns 0x47E0
T6F6A7000 079:211.246 JLINK_EndDownload()
T6F6A7000 079:211.274 - 0.029ms returns 0 (0x0)
T6F6A7000 079:211.295 JLINK_IsHalted()
T6F6A7000 079:211.641 - 0.345ms returns TRUE
TF5EEFAC0 079:212.996 JLINK_ReadRegs_64(NumRegs = 1, Indexes: 
TF5EEFAC0 079:213.024   9)
TF5EEFAC0 079:213.055    -- R15 (PC)=0x20020A80
TF5EEFAC0 079:213.087 - 0.090ms returns 0
TF5EEFAC0 079:213.106 JLINK_ReadRegs_64(NumRegs = 1, Indexes: 
TF5EEFAC0 079:213.123   79)
TF5EEFAC0 079:213.154    -- R13=0x202F5FE0
TF5EEFAC0 079:213.179 - 0.073ms returns 0
T6F6A7000 079:213.248 JLINK_STRACE_Config(sConfig = PortWidth=4)
T6F6A7000 079:213.324 - 0.075ms returns 0x00
T6F6A7000 079:213.371 JLINK_ExecCommand("SelectTraceSource=1", ...). 
T6F6A7000 079:213.432 - 0.024ms returns 0x00
T6F6A7000 079:213.495 JLINK_STRACE_Start()
T6F6A7000 079:213.541   Executing J-Link script file function OnTraceStart()
T6F6A7000 079:213.569   OnTraceStart() start
T6F6A7000 079:213.595    J-Link Script File: Executing OnTraceStart()
T6F6A7000 079:213.629   CPU_WriteMem(4 bytes @ 0xFC00FFB0)
T6F6A7000 079:213.927   CPU_ReadMem(4 bytes @ 0xFC00F004)
T6F6A7000 079:214.204   CPU_WriteMem(4 bytes @ 0xFC00F004)
T6F6A7000 079:214.487   OnTraceStart() end - Took 886us
T6F6A7000 079:225.975   CPU_ReadMem(4 bytes @ 0x80024000)
T6F6A7000 079:226.223   CPU_WriteMem(4 bytes @ 0x80024000)
T6F6A7000 079:226.441   CPU_WriteMem(4 bytes @ 0x80024004)
T6F6A7000 079:226.669   CPU_ReadMem(4 bytes @ 0x80021020)
T6F6A7000 079:226.886   CPU_WriteMem(4 bytes @ 0x80021028)
T6F6A7000 079:227.103   CPU_ReadMem(4 bytes @ 0x80021304)
T6F6A7000 079:228.357   CPU_WriteMem(4 bytes @ 0x80021304)
T6F6A7000 079:228.576   CPU_WriteMem(4 bytes @ 0x8002101C)
T6F6A7000 079:228.774   CPU_WriteMem(4 bytes @ 0x80021014)
T6F6A7000 079:228.987   CPU_WriteMem(4 bytes @ 0x80021018)
T6F6A7000 079:229.205   CPU_ReadMem(4 bytes @ 0x80021020)
T6F6A7000 079:229.414   CPU_WriteMem(4 bytes @ 0x80021020)
T6F6A7000 079:230.667   CPU_WriteMem(4 bytes @ 0x800230F0)
T6F6A7000 079:231.938   CPU_WriteMem(4 bytes @ 0x80023004)
T6F6A7000 079:233.212   CPU_ReadMem(4 bytes @ 0x80023304)
T6F6A7000 079:233.405   CPU_WriteMem(4 bytes @ 0x80023304)
T6F6A7000 079:234.693   CPU_ReadMem(4 bytes @ 0x8003C000)
T6F6A7000 079:235.975   CPU_WriteMem(4 bytes @ 0x8003C000)
T6F6A7000 079:237.258   CPU_WriteMem(4 bytes @ 0x8003C000)
T6F6A7000 079:238.544   CPU_WriteMem(4 bytes @ 0x8003C1E0)
T6F6A7000 079:239.843   CPU_WriteMem(4 bytes @ 0x8003C018)
T6F6A7000 079:241.121   CPU_WriteMem(4 bytes @ 0x8003C024)
T6F6A7000 079:242.418   CPU_WriteMem(4 bytes @ 0x8003C020)
T6F6A7000 079:243.695   CPU_WriteMem(4 bytes @ 0x8003C200)
T6F6A7000 079:244.980   CPU_ReadMem(4 bytes @ 0x8003C000)
T6F6A7000 079:246.258   CPU_WriteMem(4 bytes @ 0x8003C000)
T6F6A7000 079:247.546   CPU_ReadMem(4 bytes @ 0x8003C000)
T6F6A7000 079:247.840   CPU_ReadMem(4 bytes @ 0x8003C200)
T6F6A7000 079:248.030 - 34.535ms returns 0x1EFE920
TF5EEFAC0 079:248.071 JLINK_WriteVectorCatch(0x0000001E)
TF5EEFAC0 079:248.270 - 0.199ms returns 0
T6F6A7000 079:248.293 JLINK_WriteVectorCatch(0x0000001A)
T6F6A7000 079:248.492 - 0.199ms returns 0
T6F6A7000 079:264.623 JLINK_ExecCommand("SetRTTAddr 0x20075e80", ...). 
T6F6A7000 079:264.681 - 0.003ms returns 0x00
T6F6A7000 079:264.693 JLINK_RTTERMINAL_Control(Cmd = JLINKARM_RTTERMINAL_CMD_START)
T6F6A7000 079:264.702 - 0.010ms returns 0x00
T6F6A7000 079:264.711 JLINK_FindBP(Addr = 0x2007F198)
T6F6A7000 079:264.719 - 0.009ms returns 0
T6F6A7000 079:264.732 JLINK_SetBPEx_64(Addr = 0x2007F198, Type = 0xFFFFFFF2)
T6F6A7000 079:264.745 - 0.014ms returns 0x00000001
T6F6A7000 079:264.775 JLINK_FindBP(Addr = 0x2007F198)
T6F6A7000 079:264.782 - 0.006ms returns 1
T6F6A7000 079:264.788 JLINK_GetBPInfoEx(iBP = -1)
T6F6A7000 079:264.795 - 0.006ms returns 1
T6F6A7000 079:264.958 JLINK_GoEx(MaxEmulInsts = -1, Flags = 0x01)
T6F6A7000 079:265.227   CPU_WriteMem(4 bytes @ 0x80030100)
T6F6A7000 079:265.459   CPU_WriteMem(4 bytes @ 0x80030140)
T6F6A7000 079:266.754   CPU_WriteMem(4 bytes @ 0x80030144)
T6F6A7000 079:266.912   CPU_WriteMem(4 bytes @ 0x80030148)
T6F6A7000 079:267.151   CPU_WriteMem(4 bytes @ 0x8003014C)
T6F6A7000 079:268.412   CPU_WriteMem(4 bytes @ 0x80030150)
T6F6A7000 079:268.561   CPU_WriteMem(4 bytes @ 0x80030154)
T6F6A7000 079:269.192   Memory map 'after startup completion point' is active
T6F6A7000 079:269.202 - 4.245ms
T6F6A7000 079:367.084 JLINK_STRACE_GetInstStats(..., Addr = 0x2007A370, NumItems = 0xCCABA, Type = 0x09)
T6F6A7000 079:367.239 - 0.155ms NumItemsRead = 0xCCABA
T6F6A7000 079:462.119 JLINK_STRACE_GetInstStats(..., Addr = 0x2007A370, NumItems = 0xCCABA, Type = 0x09)
T6F6A7000 079:462.276 - 0.157ms NumItemsRead = 0xCCABA
T6F6A7000 079:560.280 JLINK_STRACE_GetInstStats(..., Addr = 0x2007A370, NumItems = 0xCCABA, Type = 0x09)
T6F6A7000 079:560.456 - 0.176ms NumItemsRead = 0xCCABA
T6F6A7000 079:662.460 JLINK_STRACE_GetInstStats(..., Addr = 0x2007A370, NumItems = 0xCCABA, Type = 0x09)
T6F6A7000 079:662.798 - 0.339ms NumItemsRead = 0xCCABA
T6F6A7000 079:762.404 JLINK_STRACE_GetInstStats(..., Addr = 0x2007A370, NumItems = 0xCCABA, Type = 0x09)
T6F6A7000 079:762.779 - 0.376ms NumItemsRead = 0xCCABA
T6F6A7000 079:857.877 JLINK_STRACE_GetInstStats(..., Addr = 0x2007A370, NumItems = 0xCCABA, Type = 0x09)
T6F6A7000 079:858.304 - 0.428ms NumItemsRead = 0xCCABA
T6F6A7000 079:955.951 JLINK_STRACE_GetInstStats(..., Addr = 0x2007A370, NumItems = 0xCCABA, Type = 0x09)
T6F6A7000 079:956.380 - 0.431ms NumItemsRead = 0xCCABA
T6F6A7000 080:054.229 JLINK_STRACE_GetInstStats(..., Addr = 0x2007A370, NumItems = 0xCCABA, Type = 0x09)
T6F6A7000 080:054.718 - 0.490ms NumItemsRead = 0xCCABA
T6F6A7000 080:154.094 JLINK_STRACE_GetInstStats(..., Addr = 0x2007A370, NumItems = 0xCCABA, Type = 0x09)
T6F6A7000 080:154.498 - 0.405ms NumItemsRead = 0xCCABA
T6F6A7000 080:251.201 JLINK_STRACE_GetInstStats(..., Addr = 0x2007A370, NumItems = 0xCCABA, Type = 0x09)
T6F6A7000 080:251.622 - 0.422ms NumItemsRead = 0xCCABA
T6F6A7000 080:316.846 JLINK_IsHalted()
T6F6A7000 080:320.860   CPU_ReadMem(24 bytes @ 0x20075E80)
T6F6A7000 080:321.180 - 4.333ms returns TRUE
T6F6A7000 080:321.210 JLINK_ReadRegs_64(NumRegs = 1, Indexes: 
T6F6A7000 080:321.221   9)
T6F6A7000 080:321.240    -- R15 (PC)=0x2007F198
T6F6A7000 080:321.254 - 0.045ms returns 0
T6F6A7000 080:321.264 JLINK_ReadRegs_64(NumRegs = 1, Indexes: 
T6F6A7000 080:321.273   79)
T6F6A7000 080:321.611    -- R13=0x20300000
T6F6A7000 080:321.631 - 0.367ms returns 0
T6F6A7000 080:321.666 JLINK_FindBP(Addr = 0x2007F198)
T6F6A7000 080:321.675 - 0.010ms returns 1
T6F6A7000 080:321.686 JLINK_ClrBPEx(BPHandle = 0x00000001)
T6F6A7000 080:321.697 - 0.011ms returns 0x00
TF5EEFAC0 080:324.327 JLINK_IsHalted()
TF5EEFAC0 080:324.348 - 0.020ms returns TRUE
TF5EEFAC0 080:324.358 JLINK_ReadRegs_64(NumRegs = 1, Indexes: 
TF5EEFAC0 080:324.367   8)
TF5EEFAC0 080:324.384    -- CPSR=0x400001FF
TF5EEFAC0 080:324.397 - 0.039ms returns 0
TF5EEFAC0 080:324.407 JLINK_ReadRegs_64(NumRegs = 1, Indexes: 
TF5EEFAC0 080:324.416   80)
TF5EEFAC0 080:324.429    -- R14=0x2007A5CC
TF5EEFAC0 080:324.442 - 0.036ms returns 0
T6F6A7000 080:336.183 JLINK_POWERTRACE_Control(JLINK_POWERTRACE_CMD_FLUSH, ...)
T6F6A7000 080:336.255   Debugger requested to flush all items
T6F6A7000 080:336.272   Flushed 0x0 items
T6F6A7000 080:336.282 - 0.103ms returns 0x00
TF5EEFAC0 080:338.059 JLINK_IsHalted()
TF5EEFAC0 080:338.084 - 0.025ms returns TRUE
TF5EEFAC0 080:338.095 JLINK_ReadRegs_64(NumRegs = 1, Indexes: 
TF5EEFAC0 080:338.103   8)
TF5EEFAC0 080:338.119    -- CPSR=0x400001FF
TF5EEFAC0 080:338.129 - 0.034ms returns 0
TF5EEFAC0 080:338.137 JLINK_ReadRegs_64(NumRegs = 1, Indexes: 
TF5EEFAC0 080:338.184   80)
TF5EEFAC0 080:338.194    -- R14=0x2007A5CC
TF5EEFAC0 080:338.204 - 0.067ms returns 0
TF5EEFAC0 080:338.294 JLINK_IsHalted()
TF5EEFAC0 080:338.302 - 0.008ms returns TRUE
TF5EEFAC0 080:338.310 JLINK_ReadRegs_64(NumRegs = 1, Indexes: 
TF5EEFAC0 080:338.316   79)
TF5EEFAC0 080:338.325    -- R13=0x20300000
TF5EEFAC0 080:338.334 - 0.023ms returns 0
T6F6A7000 080:338.492 JLINK_ReadMemU32(0x2030005C, 0x1 Items)
T6F6A7000 080:338.521   CPU_ReadMem(4 bytes @ 0x2030005C)
T6F6A7000 080:338.958   failed
T6F6A7000 080:338.972 - 0.480ms returns 0 (0x0)
T6F6A7000 080:457.138 JLINK_STRACE_ReadEx(..., NumItems = 0x30D40)
T6F6A7000 080:457.163   CPU_ReadMem(4 bytes @ 0x8003C000)
T6F6A7000 080:457.355   CPU_WriteMem(4 bytes @ 0x8003C000)
T6F6A7000 080:457.589   CPU_ReadMem(4 bytes @ 0x8003C010)
T6F6A7000 080:457.819   CPU_ReadMem(4 bytes @ 0x80023300)
T6F6A7000 080:457.956   CPU_ReadMem(4 bytes @ 0x80023304)
T6F6A7000 080:458.132   CPU_WriteMem(4 bytes @ 0x80023304)
T6F6A7000 080:458.354   CPU_WriteMem(4 bytes @ 0x80023304)
T6F6A7000 080:458.546   CPU_ReadMem(4 bytes @ 0x80023300)
T6F6A7000 080:458.721   CPU_ReadMem(4 bytes @ 0x80021020)
T6F6A7000 080:458.907   CPU_ReadMem(4 bytes @ 0x8002100C)
T6F6A7000 080:459.026   CPU_ReadMem(4 bytes @ 0x80021304)
T6F6A7000 080:459.215   CPU_WriteMem(4 bytes @ 0x80021304)
T6F6A7000 080:459.397   CPU_WriteMem(4 bytes @ 0x80021304)
T6F6A7000 080:459.604   CPU_ReadMem(4 bytes @ 0x8002100C)
T6F6A7000 080:468.641 - 11.502ms NumItemsRead = 0x30D40
T6F6A7000 080:469.556 JLINK_STRACE_GetInstStats(..., Addr = 0x2007A370, NumItems = 0xCCABA, Type = 0x09)
T6F6A7000 080:470.094 - 0.537ms NumItemsRead = 0xCCABA
T6F6A7000 080:526.297 JLINK_STRACE_ReadEx(..., NumItems = 0x30D40)
T6F6A7000 080:526.358 - 0.061ms NumItemsRead = 0x30D40
T6F6A7000 080:553.525 JLINK_STRACE_ReadEx(..., NumItems = 0x30D40)
T6F6A7000 080:553.565 - 0.041ms NumItemsRead = 0x17FB3
T6F6A7000 080:555.412 JLINK_STRACE_GetInstStats(..., Addr = 0x2007A370, NumItems = 0xCCABA, Type = 0x09)
T6F6A7000 080:555.875 - 0.462ms NumItemsRead = 0xCCABA
T6F6A7000 080:594.902 JLINK_STRACE_ReadEx(..., NumItems = 0x30D40)
T6F6A7000 080:594.941 - 0.040ms NumItemsRead = 0x00
T6F6A7000 080:623.742 JLINK_STRACE_ReadEx(..., NumItems = 0x30D40)
T6F6A7000 080:623.767 - 0.024ms NumItemsRead = 0x00
T6F6A7000 080:652.552 JLINK_STRACE_ReadEx(..., NumItems = 0x30D40)
T6F6A7000 080:652.575 - 0.023ms NumItemsRead = 0x00
T6F6A7000 080:652.964 JLINK_STRACE_GetInstStats(..., Addr = 0x2007A370, NumItems = 0xCCABA, Type = 0x09)
T6F6A7000 080:653.620 - 0.656ms NumItemsRead = 0xCCABA
T6F6A7000 081:044.866 JLINK_STRACE_GetInstStats(..., Addr = 0x2007A370, NumItems = 0xCCABA, Type = 0x09)
T6F6A7000 081:045.659 - 0.794ms NumItemsRead = 0xCCABA
T6F6A7000 083:602.242 JLINK_GoEx(MaxEmulInsts = -1, Flags = 0x01)
T6F6A7000 083:602.741   CPU_WriteMem(4 bytes @ 0x80030140)
T6F6A7000 083:602.886   CPU_WriteMem(4 bytes @ 0x80030144)
T6F6A7000 083:603.015   CPU_WriteMem(4 bytes @ 0x80030148)
T6F6A7000 083:603.226   CPU_WriteMem(4 bytes @ 0x8003014C)
T6F6A7000 083:603.426   CPU_WriteMem(4 bytes @ 0x80030150)
T6F6A7000 083:603.556   CPU_WriteMem(4 bytes @ 0x80030154)
T6F6A7000 083:603.759   Executing J-Link script file function OnTraceStart()
T6F6A7000 083:603.772   OnTraceStart() start
T6F6A7000 083:603.778    J-Link Script File: Executing OnTraceStart()
T6F6A7000 083:603.787   CPU_WriteMem(4 bytes @ 0xFC00FFB0)
T6F6A7000 083:603.987   CPU_ReadMem(4 bytes @ 0xFC00F004)
T6F6A7000 083:604.192   CPU_WriteMem(4 bytes @ 0xFC00F004)
T6F6A7000 083:604.401   OnTraceStart() end - Took 620us
T6F6A7000 083:606.711   CPU_ReadMem(4 bytes @ 0x80024000)
T6F6A7000 083:606.938   CPU_WriteMem(4 bytes @ 0x80024000)
T6F6A7000 083:607.136   CPU_WriteMem(4 bytes @ 0x80024004)
T6F6A7000 083:607.330   CPU_ReadMem(4 bytes @ 0x80021020)
T6F6A7000 083:607.526   CPU_ReadMem(4 bytes @ 0x8002100C)
T6F6A7000 083:607.721   CPU_ReadMem(4 bytes @ 0x80021020)
T6F6A7000 083:607.907   CPU_WriteMem(4 bytes @ 0x80021020)
T6F6A7000 083:608.107   CPU_WriteMem(4 bytes @ 0x80021028)
T6F6A7000 083:608.236   CPU_ReadMem(4 bytes @ 0x80021304)
T6F6A7000 083:608.365   CPU_WriteMem(4 bytes @ 0x8002101C)
T6F6A7000 083:608.560   CPU_WriteMem(4 bytes @ 0x80021014)
T6F6A7000 083:608.743   CPU_WriteMem(4 bytes @ 0x80021018)
T6F6A7000 083:608.941   CPU_ReadMem(4 bytes @ 0x80021020)
T6F6A7000 083:609.059   CPU_WriteMem(4 bytes @ 0x80021020)
T6F6A7000 083:609.242   CPU_WriteMem(4 bytes @ 0x800230F0)
T6F6A7000 083:609.415   CPU_WriteMem(4 bytes @ 0x80023004)
T6F6A7000 083:609.592   CPU_ReadMem(4 bytes @ 0x80023304)
T6F6A7000 083:609.779   CPU_WriteMem(4 bytes @ 0x80023304)
T6F6A7000 083:609.969   CPU_ReadMem(4 bytes @ 0x8003C000)
T6F6A7000 083:610.156   CPU_WriteMem(4 bytes @ 0x8003C000)
T6F6A7000 083:610.343   CPU_WriteMem(4 bytes @ 0x8003C1E0)
T6F6A7000 083:610.459   CPU_WriteMem(4 bytes @ 0x8003C018)
T6F6A7000 083:610.652   CPU_WriteMem(4 bytes @ 0x8003C024)
T6F6A7000 083:610.831   CPU_WriteMem(4 bytes @ 0x8003C020)
T6F6A7000 083:611.021   CPU_WriteMem(4 bytes @ 0x8003C200)
T6F6A7000 083:611.139   CPU_ReadMem(4 bytes @ 0x8003C000)
T6F6A7000 083:611.323   CPU_WriteMem(4 bytes @ 0x8003C000)
T6F6A7000 083:611.505   CPU_ReadMem(4 bytes @ 0x8003C000)
T6F6A7000 083:611.692   CPU_ReadMem(4 bytes @ 0x8003C200)
T6F6A7000 083:612.322 - 10.081ms
T6F6A7000 083:612.339 JLINK_IsHalted()
T6F6A7000 083:612.525 - 0.186ms returns FALSE
T6F6A7000 083:694.908 JLINK_STRACE_GetInstStats(..., Addr = 0x2007A370, NumItems = 0xCCABA, Type = 0x09)
T6F6A7000 083:695.388 - 0.480ms NumItemsRead = 0xCCABA
T6F6A7000 083:791.642 JLINK_STRACE_GetInstStats(..., Addr = 0x2007A370, NumItems = 0xCCABA, Type = 0x09)
T6F6A7000 083:792.216 - 0.572ms NumItemsRead = 0xCCABA
T6F6A7000 083:890.016 JLINK_STRACE_GetInstStats(..., Addr = 0x2007A370, NumItems = 0xCCABA, Type = 0x09)
T6F6A7000 083:890.790 - 0.776ms NumItemsRead = 0xCCABA
T6F6A7000 084:023.495 JLINK_STRACE_GetInstStats(..., Addr = 0x2007A370, NumItems = 0xCCABA, Type = 0x09)
T6F6A7000 084:023.990 - 0.496ms NumItemsRead = 0xCCABA
T6F6A7000 084:086.761 JLINK_STRACE_GetInstStats(..., Addr = 0x2007A370, NumItems = 0xCCABA, Type = 0x09)
T6F6A7000 084:087.234 - 0.474ms NumItemsRead = 0xCCABA
T6F6A7000 084:185.231 JLINK_STRACE_GetInstStats(..., Addr = 0x2007A370, NumItems = 0xCCABA, Type = 0x09)
T6F6A7000 084:185.735 - 0.505ms NumItemsRead = 0xCCABA
T6F6A7000 084:283.612 JLINK_STRACE_GetInstStats(..., Addr = 0x2007A370, NumItems = 0xCCABA, Type = 0x09)
T6F6A7000 084:284.295 - 0.684ms NumItemsRead = 0xCCABA
T6F6A7000 084:383.197 JLINK_STRACE_GetInstStats(..., Addr = 0x2007A370, NumItems = 0xCCABA, Type = 0x09)
T6F6A7000 084:385.070 - 1.873ms NumItemsRead = 0xCCABA
T6F6A7000 084:508.678 JLINK_STRACE_GetInstStats(..., Addr = 0x2007A370, NumItems = 0xCCABA, Type = 0x09)
T6F6A7000 084:509.267 - 0.589ms NumItemsRead = 0xCCABA
T6F6A7000 084:579.278 JLINK_STRACE_GetInstStats(..., Addr = 0x2007A370, NumItems = 0xCCABA, Type = 0x09)
T6F6A7000 084:579.984 - 0.705ms NumItemsRead = 0xCCABA
T6F6A7000 084:679.008 JLINK_STRACE_GetInstStats(..., Addr = 0x2007A370, NumItems = 0xCCABA, Type = 0x09)
T6F6A7000 084:681.324 - 2.315ms NumItemsRead = 0xCCABA
T6F6A7000 084:777.985 JLINK_STRACE_GetInstStats(..., Addr = 0x2007A370, NumItems = 0xCCABA, Type = 0x09)
T6F6A7000 084:780.028 - 2.046ms NumItemsRead = 0xCCABA
T6F6A7000 084:876.479 JLINK_STRACE_GetInstStats(..., Addr = 0x2007A370, NumItems = 0xCCABA, Type = 0x09)
T6F6A7000 084:878.401 - 1.924ms NumItemsRead = 0xCCABA
T6F6A7000 085:000.582 JLINK_STRACE_GetInstStats(..., Addr = 0x2007A370, NumItems = 0xCCABA, Type = 0x09)
T6F6A7000 085:001.169 - 0.589ms NumItemsRead = 0xCCABA
T6F6A7000 085:070.570 JLINK_STRACE_GetInstStats(..., Addr = 0x2007A370, NumItems = 0xCCABA, Type = 0x09)
T6F6A7000 085:071.236 - 0.666ms NumItemsRead = 0xCCABA
T6F6A7000 085:169.245 JLINK_STRACE_GetInstStats(..., Addr = 0x2007A370, NumItems = 0xCCABA, Type = 0x09)
T6F6A7000 085:170.149 - 0.905ms NumItemsRead = 0xCCABA
T6F6A7000 085:269.063 JLINK_STRACE_GetInstStats(..., Addr = 0x2007A370, NumItems = 0xCCABA, Type = 0x09)
T6F6A7000 085:270.988 - 1.925ms NumItemsRead = 0xCCABA
T6F6A7000 085:368.363 JLINK_STRACE_GetInstStats(..., Addr = 0x2007A370, NumItems = 0xCCABA, Type = 0x09)
T6F6A7000 085:370.448 - 2.085ms NumItemsRead = 0xCCABA
T6F6A7000 085:493.656 JLINK_STRACE_GetInstStats(..., Addr = 0x2007A370, NumItems = 0xCCABA, Type = 0x09)
T6F6A7000 085:494.240 - 0.586ms NumItemsRead = 0xCCABA
T6F6A7000 085:563.335 JLINK_STRACE_GetInstStats(..., Addr = 0x2007A370, NumItems = 0xCCABA, Type = 0x09)
T6F6A7000 085:564.007 - 0.672ms NumItemsRead = 0xCCABA
T6F6A7000 085:662.275 JLINK_STRACE_GetInstStats(..., Addr = 0x2007A370, NumItems = 0xCCABA, Type = 0x09)
T6F6A7000 085:663.451 - 1.180ms NumItemsRead = 0xCCABA
T6F6A7000 085:695.596 JLINK_IsHalted()
T6F6A7000 085:696.052 - 0.455ms returns FALSE
T6F6A7000 085:762.150 JLINK_STRACE_GetInstStats(..., Addr = 0x2007A370, NumItems = 0xCCABA, Type = 0x09)
T6F6A7000 085:765.055 - 2.905ms NumItemsRead = 0xCCABA
T6F6A7000 085:860.561 JLINK_STRACE_GetInstStats(..., Addr = 0x2007A370, NumItems = 0xCCABA, Type = 0x09)
T6F6A7000 085:863.356 - 2.794ms NumItemsRead = 0xCCABA
T6F6A7000 085:984.842 JLINK_STRACE_GetInstStats(..., Addr = 0x2007A370, NumItems = 0xCCABA, Type = 0x09)
T6F6A7000 085:985.386 - 0.546ms NumItemsRead = 0xCCABA
T6F6A7000 086:054.726 JLINK_STRACE_GetInstStats(..., Addr = 0x2007A370, NumItems = 0xCCABA, Type = 0x09)
T6F6A7000 086:055.409 - 0.683ms NumItemsRead = 0xCCABA
T6F6A7000 086:154.983 JLINK_STRACE_GetInstStats(..., Addr = 0x2007A370, NumItems = 0xCCABA, Type = 0x09)
T6F6A7000 086:157.283 - 2.299ms NumItemsRead = 0xCCABA
T6F6A7000 086:253.972 JLINK_STRACE_GetInstStats(..., Addr = 0x2007A370, NumItems = 0xCCABA, Type = 0x09)
T6F6A7000 086:256.168 - 2.195ms NumItemsRead = 0xCCABA
T6F6A7000 086:351.972 JLINK_STRACE_GetInstStats(..., Addr = 0x2007A370, NumItems = 0xCCABA, Type = 0x09)
T6F6A7000 086:354.093 - 2.119ms NumItemsRead = 0xCCABA
T6F6A7000 086:477.295 JLINK_STRACE_GetInstStats(..., Addr = 0x2007A370, NumItems = 0xCCABA, Type = 0x09)
T6F6A7000 086:477.881 - 0.584ms NumItemsRead = 0xCCABA
T6F6A7000 086:546.864 JLINK_STRACE_GetInstStats(..., Addr = 0x2007A370, NumItems = 0xCCABA, Type = 0x09)
T6F6A7000 086:547.526 - 0.664ms NumItemsRead = 0xCCABA
T6F6A7000 086:646.995 JLINK_STRACE_GetInstStats(..., Addr = 0x2007A370, NumItems = 0xCCABA, Type = 0x09)
T6F6A7000 086:648.851 - 1.857ms NumItemsRead = 0xCCABA
T6F6A7000 086:745.856 JLINK_STRACE_GetInstStats(..., Addr = 0x2007A370, NumItems = 0xCCABA, Type = 0x09)
T6F6A7000 086:748.112 - 2.254ms NumItemsRead = 0xCCABA
T6F6A7000 086:844.253 JLINK_STRACE_GetInstStats(..., Addr = 0x2007A370, NumItems = 0xCCABA, Type = 0x09)
T6F6A7000 086:846.326 - 2.074ms NumItemsRead = 0xCCABA
T6F6A7000 086:969.771 JLINK_STRACE_GetInstStats(..., Addr = 0x2007A370, NumItems = 0xCCABA, Type = 0x09)
T6F6A7000 086:970.364 - 0.595ms NumItemsRead = 0xCCABA
T6F6A7000 087:038.791 JLINK_STRACE_GetInstStats(..., Addr = 0x2007A370, NumItems = 0xCCABA, Type = 0x09)
T6F6A7000 087:039.460 - 0.670ms NumItemsRead = 0xCCABA
T6F6A7000 087:139.066 JLINK_STRACE_GetInstStats(..., Addr = 0x2007A370, NumItems = 0xCCABA, Type = 0x09)
T6F6A7000 087:140.991 - 1.925ms NumItemsRead = 0xCCABA
T6F6A7000 087:239.231 JLINK_STRACE_GetInstStats(..., Addr = 0x2007A370, NumItems = 0xCCABA, Type = 0x09)
T6F6A7000 087:241.150 - 1.920ms NumItemsRead = 0xCCABA
T6F6A7000 087:336.632 JLINK_STRACE_GetInstStats(..., Addr = 0x2007A370, NumItems = 0xCCABA, Type = 0x09)
T6F6A7000 087:338.727 - 2.096ms NumItemsRead = 0xCCABA
T6F6A7000 087:459.717 JLINK_STRACE_GetInstStats(..., Addr = 0x2007A370, NumItems = 0xCCABA, Type = 0x09)
T6F6A7000 087:460.323 - 0.607ms NumItemsRead = 0xCCABA
T6F6A7000 087:530.809 JLINK_STRACE_GetInstStats(..., Addr = 0x2007A370, NumItems = 0xCCABA, Type = 0x09)
T6F6A7000 087:531.441 - 0.630ms NumItemsRead = 0xCCABA
T6F6A7000 087:650.062 JLINK_STRACE_GetInstStats(..., Addr = 0x2007A370, NumItems = 0xCCABA, Type = 0x09)
T6F6A7000 087:650.753 - 0.693ms NumItemsRead = 0xCCABA
T6F6A7000 087:727.633 JLINK_STRACE_GetInstStats(..., Addr = 0x2007A370, NumItems = 0xCCABA, Type = 0x09)
T6F6A7000 087:728.215 - 0.582ms NumItemsRead = 0xCCABA
T6F6A7000 087:780.294 JLINK_IsHalted()
T6F6A7000 087:780.531 - 0.237ms returns FALSE
T6F6A7000 087:826.009 JLINK_STRACE_GetInstStats(..., Addr = 0x2007A370, NumItems = 0xCCABA, Type = 0x09)
T6F6A7000 087:826.781 - 0.773ms NumItemsRead = 0xCCABA
T6F6A7000 088:021.118 JLINK_STRACE_GetInstStats(..., Addr = 0x2007A370, NumItems = 0xCCABA, Type = 0x09)
T6F6A7000 088:021.624 - 0.506ms NumItemsRead = 0xCCABA
T6F6A7000 088:076.026 JLINK_STRACE_GetInstStats(..., Addr = 0x2007A370, NumItems = 0xCCABA, Type = 0x09)
T6F6A7000 088:076.493 - 0.468ms NumItemsRead = 0xCCABA
T6F6A7000 088:133.730 JLINK_STRACE_GetInstStats(..., Addr = 0x2007A370, NumItems = 0xCCABA, Type = 0x09)
T6F6A7000 088:134.379 - 0.650ms NumItemsRead = 0xCCABA
T6F6A7000 088:219.614 JLINK_STRACE_GetInstStats(..., Addr = 0x2007A370, NumItems = 0xCCABA, Type = 0x09)
T6F6A7000 088:220.195 - 0.582ms NumItemsRead = 0xCCABA
T6F6A7000 088:318.110 JLINK_STRACE_GetInstStats(..., Addr = 0x2007A370, NumItems = 0xCCABA, Type = 0x09)
T6F6A7000 088:318.909 - 0.798ms NumItemsRead = 0xCCABA
T6F6A7000 088:432.196 JLINK_STRACE_GetInstStats(..., Addr = 0x2007A370, NumItems = 0xCCABA, Type = 0x09)
T6F6A7000 088:432.669 - 0.474ms NumItemsRead = 0xCCABA
T6F6A7000 088:515.102 JLINK_STRACE_GetInstStats(..., Addr = 0x2007A370, NumItems = 0xCCABA, Type = 0x09)
T6F6A7000 088:515.752 - 0.651ms NumItemsRead = 0xCCABA
T6F6A7000 088:613.747 JLINK_STRACE_GetInstStats(..., Addr = 0x2007A370, NumItems = 0xCCABA, Type = 0x09)
T6F6A7000 088:614.329 - 0.582ms NumItemsRead = 0xCCABA
T6F6A7000 088:724.411 JLINK_STRACE_GetInstStats(..., Addr = 0x2007A370, NumItems = 0xCCABA, Type = 0x09)
T6F6A7000 088:724.907 - 0.497ms NumItemsRead = 0xCCABA
T6F6A7000 088:810.012 JLINK_STRACE_GetInstStats(..., Addr = 0x2007A370, NumItems = 0xCCABA, Type = 0x09)
T6F6A7000 088:810.566 - 0.555ms NumItemsRead = 0xCCABA
T6F6A7000 088:923.941 JLINK_STRACE_GetInstStats(..., Addr = 0x2007A370, NumItems = 0xCCABA, Type = 0x09)
T6F6A7000 088:924.641 - 0.701ms NumItemsRead = 0xCCABA
T6F6A7000 089:074.922 JLINK_STRACE_GetInstStats(..., Addr = 0x2007A370, NumItems = 0xCCABA, Type = 0x09)
T6F6A7000 089:075.426 - 0.505ms NumItemsRead = 0xCCABA
T6F6A7000 089:105.250 JLINK_STRACE_GetInstStats(..., Addr = 0x2007A370, NumItems = 0xCCABA, Type = 0x09)
T6F6A7000 089:105.783 - 0.535ms NumItemsRead = 0xCCABA
T6F6A7000 089:204.115 JLINK_STRACE_GetInstStats(..., Addr = 0x2007A370, NumItems = 0xCCABA, Type = 0x09)
T6F6A7000 089:204.665 - 0.550ms NumItemsRead = 0xCCABA
T6F6A7000 089:302.022 JLINK_STRACE_GetInstStats(..., Addr = 0x2007A370, NumItems = 0xCCABA, Type = 0x09)
T6F6A7000 089:302.805 - 0.783ms NumItemsRead = 0xCCABA
T6F6A7000 089:432.522 JLINK_STRACE_GetInstStats(..., Addr = 0x2007A370, NumItems = 0xCCABA, Type = 0x09)
T6F6A7000 089:433.082 - 0.560ms NumItemsRead = 0xCCABA
T6F6A7000 089:498.827 JLINK_STRACE_GetInstStats(..., Addr = 0x2007A370, NumItems = 0xCCABA, Type = 0x09)
T6F6A7000 089:499.367 - 0.541ms NumItemsRead = 0xCCABA
T6F6A7000 089:597.176 JLINK_STRACE_GetInstStats(..., Addr = 0x2007A370, NumItems = 0xCCABA, Type = 0x09)
T6F6A7000 089:597.686 - 0.510ms NumItemsRead = 0xCCABA
T6F6A7000 089:695.695 JLINK_STRACE_GetInstStats(..., Addr = 0x2007A370, NumItems = 0xCCABA, Type = 0x09)
T6F6A7000 089:696.473 - 0.779ms NumItemsRead = 0xCCABA
T6F6A7000 089:798.050 JLINK_STRACE_GetInstStats(..., Addr = 0x2007A370, NumItems = 0xCCABA, Type = 0x09)
T6F6A7000 089:800.594 - 2.623ms NumItemsRead = 0xCCABA
T6F6A7000 089:875.406 JLINK_IsHalted()
T6F6A7000 089:878.906 - 3.500ms returns FALSE
T6F6A7000 089:920.397 JLINK_STRACE_GetInstStats(..., Addr = 0x2007A370, NumItems = 0xCCABA, Type = 0x09)
T6F6A7000 089:920.987 - 0.590ms NumItemsRead = 0xCCABA
T6F6A7000 089:990.784 JLINK_STRACE_GetInstStats(..., Addr = 0x2007A370, NumItems = 0xCCABA, Type = 0x09)
T6F6A7000 089:991.345 - 0.562ms NumItemsRead = 0xCCABA
T6F6A7000 090:089.274 JLINK_STRACE_GetInstStats(..., Addr = 0x2007A370, NumItems = 0xCCABA, Type = 0x09)
T6F6A7000 090:090.000 - 0.728ms NumItemsRead = 0xCCABA
T6F6A7000 090:190.268 JLINK_STRACE_GetInstStats(..., Addr = 0x2007A370, NumItems = 0xCCABA, Type = 0x09)
T6F6A7000 090:191.830 - 1.565ms NumItemsRead = 0xCCABA
T6F6A7000 090:288.609 JLINK_STRACE_GetInstStats(..., Addr = 0x2007A370, NumItems = 0xCCABA, Type = 0x09)
T6F6A7000 090:290.151 - 1.544ms NumItemsRead = 0xCCABA
T6F6A7000 090:395.736 JLINK_STRACE_GetInstStats(..., Addr = 0x2007A370, NumItems = 0xCCABA, Type = 0x09)
T6F6A7000 090:396.539 - 0.803ms NumItemsRead = 0xCCABA
T6F6A7000 090:482.873 JLINK_STRACE_GetInstStats(..., Addr = 0x2007A370, NumItems = 0xCCABA, Type = 0x09)
T6F6A7000 090:483.428 - 0.554ms NumItemsRead = 0xCCABA
T6F6A7000 090:581.115 JLINK_STRACE_GetInstStats(..., Addr = 0x2007A370, NumItems = 0xCCABA, Type = 0x09)
T6F6A7000 090:581.828 - 0.714ms NumItemsRead = 0xCCABA
T6F6A7000 090:681.443 JLINK_STRACE_GetInstStats(..., Addr = 0x2007A370, NumItems = 0xCCABA, Type = 0x09)
T6F6A7000 090:683.505 - 2.061ms NumItemsRead = 0xCCABA
T6F6A7000 090:780.112 JLINK_STRACE_GetInstStats(..., Addr = 0x2007A370, NumItems = 0xCCABA, Type = 0x09)
T6F6A7000 090:781.347 - 1.236ms NumItemsRead = 0xCCABA
T6F6A7000 090:904.497 JLINK_STRACE_GetInstStats(..., Addr = 0x2007A370, NumItems = 0xCCABA, Type = 0x09)
T6F6A7000 090:905.146 - 0.649ms NumItemsRead = 0xCCABA
T6F6A7000 090:975.259 JLINK_STRACE_GetInstStats(..., Addr = 0x2007A370, NumItems = 0xCCABA, Type = 0x09)
T6F6A7000 090:975.763 - 0.506ms NumItemsRead = 0xCCABA
T6F6A7000 091:073.238 JLINK_STRACE_GetInstStats(..., Addr = 0x2007A370, NumItems = 0xCCABA, Type = 0x09)
T6F6A7000 091:073.990 - 0.753ms NumItemsRead = 0xCCABA
T6F6A7000 091:173.304 JLINK_STRACE_GetInstStats(..., Addr = 0x2007A370, NumItems = 0xCCABA, Type = 0x09)
T6F6A7000 091:176.147 - 2.842ms NumItemsRead = 0xCCABA
T6F6A7000 091:272.464 JLINK_STRACE_GetInstStats(..., Addr = 0x2007A370, NumItems = 0xCCABA, Type = 0x09)
T6F6A7000 091:275.902 - 3.438ms NumItemsRead = 0xCCABA
T6F6A7000 091:397.077 JLINK_STRACE_GetInstStats(..., Addr = 0x2007A370, NumItems = 0xCCABA, Type = 0x09)
T6F6A7000 091:397.634 - 0.557ms NumItemsRead = 0xCCABA
T6F6A7000 091:466.866 JLINK_STRACE_GetInstStats(..., Addr = 0x2007A370, NumItems = 0xCCABA, Type = 0x09)
T6F6A7000 091:467.408 - 0.543ms NumItemsRead = 0xCCABA
T6F6A7000 091:565.237 JLINK_STRACE_GetInstStats(..., Addr = 0x2007A370, NumItems = 0xCCABA, Type = 0x09)
T6F6A7000 091:565.942 - 0.705ms NumItemsRead = 0xCCABA
T6F6A7000 091:664.734 JLINK_STRACE_GetInstStats(..., Addr = 0x2007A370, NumItems = 0xCCABA, Type = 0x09)
T6F6A7000 091:666.858 - 2.122ms NumItemsRead = 0xCCABA
T6F6A7000 091:764.518 JLINK_STRACE_GetInstStats(..., Addr = 0x2007A370, NumItems = 0xCCABA, Type = 0x09)
T6F6A7000 091:765.631 - 1.113ms NumItemsRead = 0xCCABA
T6F6A7000 091:888.519 JLINK_STRACE_GetInstStats(..., Addr = 0x2007A370, NumItems = 0xCCABA, Type = 0x09)
T6F6A7000 091:889.120 - 0.600ms NumItemsRead = 0xCCABA
T6F6A7000 091:958.793 JLINK_STRACE_GetInstStats(..., Addr = 0x2007A370, NumItems = 0xCCABA, Type = 0x09)
T6F6A7000 091:959.336 - 0.543ms NumItemsRead = 0xCCABA
T6F6A7000 091:970.408 JLINK_IsHalted()
T6F6A7000 091:970.635 - 0.228ms returns FALSE
T6F6A7000 092:057.275 JLINK_STRACE_GetInstStats(..., Addr = 0x2007A370, NumItems = 0xCCABA, Type = 0x09)
T6F6A7000 092:057.930 - 0.655ms NumItemsRead = 0xCCABA
T6F6A7000 092:157.275 JLINK_STRACE_GetInstStats(..., Addr = 0x2007A370, NumItems = 0xCCABA, Type = 0x09)
T6F6A7000 092:159.244 - 1.968ms NumItemsRead = 0xCCABA
T6F6A7000 092:256.994 JLINK_STRACE_GetInstStats(..., Addr = 0x2007A370, NumItems = 0xCCABA, Type = 0x09)
T6F6A7000 092:258.386 - 1.394ms NumItemsRead = 0xCCABA
T6F6A7000 092:382.184 JLINK_STRACE_GetInstStats(..., Addr = 0x2007A370, NumItems = 0xCCABA, Type = 0x09)
T6F6A7000 092:382.766 - 0.584ms NumItemsRead = 0xCCABA
T6F6A7000 092:450.801 JLINK_STRACE_GetInstStats(..., Addr = 0x2007A370, NumItems = 0xCCABA, Type = 0x09)
T6F6A7000 092:451.292 - 0.491ms NumItemsRead = 0xCCABA
T6F6A7000 092:549.220 JLINK_STRACE_GetInstStats(..., Addr = 0x2007A370, NumItems = 0xCCABA, Type = 0x09)
T6F6A7000 092:549.903 - 0.683ms NumItemsRead = 0xCCABA
T6F6A7000 092:647.668 JLINK_STRACE_GetInstStats(..., Addr = 0x2007A370, NumItems = 0xCCABA, Type = 0x09)
T6F6A7000 092:648.552 - 0.885ms NumItemsRead = 0xCCABA
T6F6A7000 092:747.825 JLINK_STRACE_GetInstStats(..., Addr = 0x2007A370, NumItems = 0xCCABA, Type = 0x09)
T6F6A7000 092:749.434 - 1.609ms NumItemsRead = 0xCCABA
T6F6A7000 093:021.008 JLINK_STRACE_GetInstStats(..., Addr = 0x2007A370, NumItems = 0xCCABA, Type = 0x09)
T6F6A7000 093:021.567 - 0.558ms NumItemsRead = 0xCCABA
T6F6A7000 093:050.487 JLINK_STRACE_GetInstStats(..., Addr = 0x2007A370, NumItems = 0xCCABA, Type = 0x09)
T6F6A7000 093:051.030 - 0.542ms NumItemsRead = 0xCCABA
T6F6A7000 093:139.590 JLINK_STRACE_GetInstStats(..., Addr = 0x2007A370, NumItems = 0xCCABA, Type = 0x09)
T6F6A7000 093:140.147 - 0.558ms NumItemsRead = 0xCCABA
T6F6A7000 093:238.069 JLINK_STRACE_GetInstStats(..., Addr = 0x2007A370, NumItems = 0xCCABA, Type = 0x09)
T6F6A7000 093:238.844 - 0.777ms NumItemsRead = 0xCCABA
T6F6A7000 093:363.181 JLINK_STRACE_GetInstStats(..., Addr = 0x2007A370, NumItems = 0xCCABA, Type = 0x09)
T6F6A7000 093:363.788 - 0.607ms NumItemsRead = 0xCCABA
T6F6A7000 093:435.348 JLINK_STRACE_GetInstStats(..., Addr = 0x2007A370, NumItems = 0xCCABA, Type = 0x09)
T6F6A7000 093:435.996 - 0.648ms NumItemsRead = 0xCCABA
T6F6A7000 093:534.703 JLINK_STRACE_GetInstStats(..., Addr = 0x2007A370, NumItems = 0xCCABA, Type = 0x09)
T6F6A7000 093:537.122 - 2.421ms NumItemsRead = 0xCCABA
T6F6A7000 093:634.108 JLINK_STRACE_GetInstStats(..., Addr = 0x2007A370, NumItems = 0xCCABA, Type = 0x09)
T6F6A7000 093:636.645 - 2.540ms NumItemsRead = 0xCCABA
T6F6A7000 093:732.333 JLINK_STRACE_GetInstStats(..., Addr = 0x2007A370, NumItems = 0xCCABA, Type = 0x09)
T6F6A7000 093:734.556 - 2.221ms NumItemsRead = 0xCCABA
T6F6A7000 093:858.327 JLINK_STRACE_GetInstStats(..., Addr = 0x2007A370, NumItems = 0xCCABA, Type = 0x09)
T6F6A7000 093:858.916 - 0.589ms NumItemsRead = 0xCCABA
T6F6A7000 093:926.800 JLINK_STRACE_GetInstStats(..., Addr = 0x2007A370, NumItems = 0xCCABA, Type = 0x09)
T6F6A7000 093:927.454 - 0.655ms NumItemsRead = 0xCCABA
T6F6A7000 094:025.301 JLINK_STRACE_GetInstStats(..., Addr = 0x2007A370, NumItems = 0xCCABA, Type = 0x09)
T6F6A7000 094:026.206 - 0.907ms NumItemsRead = 0xCCABA
T6F6A7000 094:058.083 JLINK_IsHalted()
T6F6A7000 094:058.593 - 0.509ms returns FALSE
T6F6A7000 094:125.352 JLINK_STRACE_GetInstStats(..., Addr = 0x2007A370, NumItems = 0xCCABA, Type = 0x09)
T6F6A7000 094:127.459 - 2.107ms NumItemsRead = 0xCCABA
T6F6A7000 094:224.436 JLINK_STRACE_GetInstStats(..., Addr = 0x2007A370, NumItems = 0xCCABA, Type = 0x09)
T6F6A7000 094:226.560 - 2.126ms NumItemsRead = 0xCCABA
T6F6A7000 094:345.826 JLINK_STRACE_GetInstStats(..., Addr = 0x2007A370, NumItems = 0xCCABA, Type = 0x09)
T6F6A7000 094:346.381 - 0.556ms NumItemsRead = 0xCCABA
T6F6A7000 094:418.800 JLINK_STRACE_GetInstStats(..., Addr = 0x2007A370, NumItems = 0xCCABA, Type = 0x09)
T6F6A7000 094:419.424 - 0.624ms NumItemsRead = 0xCCABA
T6F6A7000 094:519.172 JLINK_STRACE_GetInstStats(..., Addr = 0x2007A370, NumItems = 0xCCABA, Type = 0x09)
T6F6A7000 094:519.817 - 0.646ms NumItemsRead = 0xCCABA
T6F6A7000 094:615.894 JLINK_STRACE_GetInstStats(..., Addr = 0x2007A370, NumItems = 0xCCABA, Type = 0x09)
T6F6A7000 094:616.403 - 0.509ms NumItemsRead = 0xCCABA
T6F6A7000 094:713.861 JLINK_STRACE_GetInstStats(..., Addr = 0x2007A370, NumItems = 0xCCABA, Type = 0x09)
T6F6A7000 094:714.562 - 0.702ms NumItemsRead = 0xCCABA
T6F6A7000 094:834.653 JLINK_STRACE_GetInstStats(..., Addr = 0x2007A370, NumItems = 0xCCABA, Type = 0x09)
T6F6A7000 094:835.149 - 0.497ms NumItemsRead = 0xCCABA
T6F6A7000 094:910.833 JLINK_STRACE_GetInstStats(..., Addr = 0x2007A370, NumItems = 0xCCABA, Type = 0x09)
T6F6A7000 094:911.449 - 0.614ms NumItemsRead = 0xCCABA
T6F6A7000 095:009.862 JLINK_STRACE_GetInstStats(..., Addr = 0x2007A370, NumItems = 0xCCABA, Type = 0x09)
T6F6A7000 095:010.910 - 1.050ms NumItemsRead = 0xCCABA
T6F6A7000 095:108.988 JLINK_STRACE_GetInstStats(..., Addr = 0x2007A370, NumItems = 0xCCABA, Type = 0x09)
T6F6A7000 095:111.410 - 2.423ms NumItemsRead = 0xCCABA
T6F6A7000 095:208.095 JLINK_STRACE_GetInstStats(..., Addr = 0x2007A370, NumItems = 0xCCABA, Type = 0x09)
T6F6A7000 095:209.285 - 1.191ms NumItemsRead = 0xCCABA
T6F6A7000 095:331.515 JLINK_STRACE_GetInstStats(..., Addr = 0x2007A370, NumItems = 0xCCABA, Type = 0x09)
T6F6A7000 095:332.105 - 0.590ms NumItemsRead = 0xCCABA
T6F6A7000 095:402.664 JLINK_STRACE_GetInstStats(..., Addr = 0x2007A370, NumItems = 0xCCABA, Type = 0x09)
T6F6A7000 095:403.287 - 0.622ms NumItemsRead = 0xCCABA
T6F6A7000 095:501.274 JLINK_STRACE_GetInstStats(..., Addr = 0x2007A370, NumItems = 0xCCABA, Type = 0x09)
T6F6A7000 095:501.894 - 0.622ms NumItemsRead = 0xCCABA
T6F6A7000 095:600.020 JLINK_STRACE_GetInstStats(..., Addr = 0x2007A370, NumItems = 0xCCABA, Type = 0x09)
T6F6A7000 095:600.887 - 0.867ms NumItemsRead = 0xCCABA
T6F6A7000 095:700.795 JLINK_STRACE_GetInstStats(..., Addr = 0x2007A370, NumItems = 0xCCABA, Type = 0x09)
T6F6A7000 095:703.181 - 2.387ms NumItemsRead = 0xCCABA
T6F6A7000 095:835.105 JLINK_STRACE_GetInstStats(..., Addr = 0x2007A370, NumItems = 0xCCABA, Type = 0x09)
T6F6A7000 095:835.630 - 0.525ms NumItemsRead = 0xCCABA
T6F6A7000 095:895.320 JLINK_STRACE_GetInstStats(..., Addr = 0x2007A370, NumItems = 0xCCABA, Type = 0x09)
T6F6A7000 095:895.897 - 0.575ms NumItemsRead = 0xCCABA
T6F6A7000 095:993.852 JLINK_STRACE_GetInstStats(..., Addr = 0x2007A370, NumItems = 0xCCABA, Type = 0x09)
T6F6A7000 095:994.560 - 0.708ms NumItemsRead = 0xCCABA
T6F6A7000 096:092.258 JLINK_STRACE_GetInstStats(..., Addr = 0x2007A370, NumItems = 0xCCABA, Type = 0x09)
T6F6A7000 096:093.150 - 0.892ms NumItemsRead = 0xCCABA
T6F6A7000 096:145.489 JLINK_IsHalted()
T6F6A7000 096:145.909 - 0.420ms returns FALSE
T6F6A7000 096:190.059 JLINK_STRACE_GetInstStats(..., Addr = 0x2007A370, NumItems = 0xCCABA, Type = 0x09)
T6F6A7000 096:190.993 - 0.934ms NumItemsRead = 0xCCABA
T6F6A7000 096:317.749 JLINK_STRACE_GetInstStats(..., Addr = 0x2007A370, NumItems = 0xCCABA, Type = 0x09)
T6F6A7000 096:318.432 - 0.684ms NumItemsRead = 0xCCABA
T6F6A7000 096:386.893 JLINK_STRACE_GetInstStats(..., Addr = 0x2007A370, NumItems = 0xCCABA, Type = 0x09)
T6F6A7000 096:387.570 - 0.678ms NumItemsRead = 0xCCABA
T6F6A7000 096:487.142 JLINK_STRACE_GetInstStats(..., Addr = 0x2007A370, NumItems = 0xCCABA, Type = 0x09)
T6F6A7000 096:489.503 - 2.362ms NumItemsRead = 0xCCABA
T6F6A7000 096:583.964 JLINK_STRACE_GetInstStats(..., Addr = 0x2007A370, NumItems = 0xCCABA, Type = 0x09)
T6F6A7000 096:584.690 - 0.726ms NumItemsRead = 0xCCABA
T6F6A7000 096:682.946 JLINK_STRACE_GetInstStats(..., Addr = 0x2007A370, NumItems = 0xCCABA, Type = 0x09)
T6F6A7000 096:685.432 - 2.483ms NumItemsRead = 0xCCABA
T6F6A7000 096:810.773 JLINK_STRACE_GetInstStats(..., Addr = 0x2007A370, NumItems = 0xCCABA, Type = 0x09)
T6F6A7000 096:811.345 - 0.572ms NumItemsRead = 0xCCABA
T6F6A7000 096:878.810 JLINK_STRACE_GetInstStats(..., Addr = 0x2007A370, NumItems = 0xCCABA, Type = 0x09)
T6F6A7000 096:879.464 - 0.655ms NumItemsRead = 0xCCABA
T6F6A7000 096:978.990 JLINK_STRACE_GetInstStats(..., Addr = 0x2007A370, NumItems = 0xCCABA, Type = 0x09)
T6F6A7000 096:980.519 - 1.530ms NumItemsRead = 0xCCABA
T6F6A7000 097:077.716 JLINK_STRACE_GetInstStats(..., Addr = 0x2007A370, NumItems = 0xCCABA, Type = 0x09)
T6F6A7000 097:078.854 - 1.139ms NumItemsRead = 0xCCABA
T6F6A7000 097:176.517 JLINK_STRACE_GetInstStats(..., Addr = 0x2007A370, NumItems = 0xCCABA, Type = 0x09)
T6F6A7000 097:178.502 - 1.986ms NumItemsRead = 0xCCABA
T6F6A7000 097:300.330 JLINK_STRACE_GetInstStats(..., Addr = 0x2007A370, NumItems = 0xCCABA, Type = 0x09)
T6F6A7000 097:300.878 - 0.549ms NumItemsRead = 0xCCABA
T6F6A7000 097:370.685 JLINK_STRACE_GetInstStats(..., Addr = 0x2007A370, NumItems = 0xCCABA, Type = 0x09)
T6F6A7000 097:371.336 - 0.652ms NumItemsRead = 0xCCABA
T6F6A7000 097:470.550 JLINK_STRACE_GetInstStats(..., Addr = 0x2007A370, NumItems = 0xCCABA, Type = 0x09)
T6F6A7000 097:472.160 - 1.611ms NumItemsRead = 0xCCABA
T6F6A7000 097:582.931 JLINK_STRACE_GetInstStats(..., Addr = 0x2007A370, NumItems = 0xCCABA, Type = 0x09)
T6F6A7000 097:583.548 - 0.617ms NumItemsRead = 0xCCABA
T6F6A7000 097:665.917 JLINK_STRACE_GetInstStats(..., Addr = 0x2007A370, NumItems = 0xCCABA, Type = 0x09)
T6F6A7000 097:666.353 - 0.437ms NumItemsRead = 0xCCABA
T6F6A7000 097:778.611 JLINK_STRACE_GetInstStats(..., Addr = 0x2007A370, NumItems = 0xCCABA, Type = 0x09)
T6F6A7000 097:779.285 - 0.674ms NumItemsRead = 0xCCABA
T6F6A7000 098:009.565 JLINK_STRACE_GetInstStats(..., Addr = 0x2007A370, NumItems = 0xCCABA, Type = 0x09)
T6F6A7000 098:010.126 - 0.559ms NumItemsRead = 0xCCABA
T6F6A7000 098:096.375 JLINK_STRACE_GetInstStats(..., Addr = 0x2007A370, NumItems = 0xCCABA, Type = 0x09)
T6F6A7000 098:096.964 - 0.590ms NumItemsRead = 0xCCABA
T6F6A7000 098:157.861 JLINK_STRACE_GetInstStats(..., Addr = 0x2007A370, NumItems = 0xCCABA, Type = 0x09)
T6F6A7000 098:158.577 - 0.717ms NumItemsRead = 0xCCABA
T6F6A7000 098:234.029 JLINK_IsHalted()
T6F6A7000 098:234.284 - 0.255ms returns FALSE
T6F6A7000 098:268.338 JLINK_STRACE_GetInstStats(..., Addr = 0x2007A370, NumItems = 0xCCABA, Type = 0x09)
T6F6A7000 098:269.019 - 0.682ms NumItemsRead = 0xCCABA
T6F6A7000 098:354.823 JLINK_STRACE_GetInstStats(..., Addr = 0x2007A370, NumItems = 0xCCABA, Type = 0x09)
T6F6A7000 098:355.310 - 0.488ms NumItemsRead = 0xCCABA
T6F6A7000 098:453.216 JLINK_STRACE_GetInstStats(..., Addr = 0x2007A370, NumItems = 0xCCABA, Type = 0x09)
T6F6A7000 098:453.792 - 0.577ms NumItemsRead = 0xCCABA
T6F6A7000 098:551.616 JLINK_STRACE_GetInstStats(..., Addr = 0x2007A370, NumItems = 0xCCABA, Type = 0x09)
T6F6A7000 098:552.430 - 0.815ms NumItemsRead = 0xCCABA
T6F6A7000 098:661.790 JLINK_STRACE_GetInstStats(..., Addr = 0x2007A370, NumItems = 0xCCABA, Type = 0x09)
T6F6A7000 098:662.244 - 0.454ms NumItemsRead = 0xCCABA
T6F6A7000 098:759.122 JLINK_STRACE_GetInstStats(..., Addr = 0x2007A370, NumItems = 0xCCABA, Type = 0x09)
T6F6A7000 098:759.572 - 0.451ms NumItemsRead = 0xCCABA
T6F6A7000 098:846.764 JLINK_STRACE_GetInstStats(..., Addr = 0x2007A370, NumItems = 0xCCABA, Type = 0x09)
T6F6A7000 098:847.275 - 0.511ms NumItemsRead = 0xCCABA
T6F6A7000 098:945.282 JLINK_STRACE_GetInstStats(..., Addr = 0x2007A370, NumItems = 0xCCABA, Type = 0x09)
T6F6A7000 098:945.789 - 0.507ms NumItemsRead = 0xCCABA
T6F6A7000 098:985.227 JLINK_Halt()
T6F6A7000 098:986.425   CPU_ReadMem(24 bytes @ 0x20075E80)
T6F6A7000 098:986.615   Periodic RTT: RTT CB verified. Started data handling
T6F6A7000 098:987.884   CPU_ReadMem(32 bytes @ 0x201A67C8)
T6F6A7000 098:988.761 - 3.534ms returns 0x00
T6F6A7000 099:045.679 JLINK_STRACE_GetInstStats(..., Addr = 0x2007A370, NumItems = 0xCCABA, Type = 0x09)
T6F6A7000 099:045.718   CPU_ReadMem(4 bytes @ 0x8003C000)
T6F6A7000 099:045.926   CPU_WriteMem(4 bytes @ 0x8003C000)
T6F6A7000 099:046.122   CPU_ReadMem(4 bytes @ 0x8003C010)
T6F6A7000 099:046.323   CPU_ReadMem(4 bytes @ 0x80023304)
T6F6A7000 099:046.449   CPU_WriteMem(4 bytes @ 0x80023304)
T6F6A7000 099:046.640   CPU_WriteMem(4 bytes @ 0x80023304)
T6F6A7000 099:046.839   CPU_ReadMem(4 bytes @ 0x80023300)
T6F6A7000 099:046.965   CPU_ReadMem(4 bytes @ 0x80021020)
T6F6A7000 099:047.180   CPU_ReadMem(4 bytes @ 0x8002100C)
T6F6A7000 099:047.382   CPU_ReadMem(4 bytes @ 0x80021304)
T6F6A7000 099:047.589   CPU_WriteMem(4 bytes @ 0x80021304)
T6F6A7000 099:047.793   CPU_WriteMem(4 bytes @ 0x80021304)
T6F6A7000 099:047.984   CPU_ReadMem(4 bytes @ 0x8002100C)
