T6D6BF000 004:174.259   SEGGER J-Link V7.96h Log File
T6D6BF000 004:174.304   DLL Compiled: May 15 2024 15:36:44
T6D6BF000 004:174.309   Logging started @ 2024-05-29 16:14
T6D6BF000 004:174.312   Process: /Applications/SEGGER/Ozone_V334/Ozone.app/Contents/MacOS/Ozone
T6D6BF000 004:174.316 - 4174.316ms
T6D6BF000 042:783.738 JLINK_EMU_SelectByUSBSN(SerialNo = 933001354)
T6D6BF000 042:784.416 - 0.681ms returns 0x00
T6D6BF000 042:784.436 JLINK_EnableLog(...)
T6D6BF000 042:784.443 - 0.007ms
T6D6BF000 042:784.449 JLINK_SetErrorOutHandler(...)
T6D6BF000 042:784.455 - 0.006ms
T6D6BF000 042:784.460 JLINK_SetWarnOutHandler(...)
T6D6BF000 042:784.466 - 0.006ms
T6D6BF000 042:784.471 JLINK_Open()
T6D6BF000 042:792.678   Firmware: J-Trace PRO V3 Cortex compiled May 22 2024 10:46:12
T6D6BF000 042:793.128   Firmware: J-Trace PRO V3 Cortex compiled May 22 2024 10:46:12
T6D6BF000 042:812.066   Hardware: V3.00
T6D6BF000 042:812.092   S/N: 933001354
T6D6BF000 042:812.100   OEM: SEGGER
T6D6BF000 042:812.108   Feature(s): RDI, FlashBP, FlashDL, JFlash, GDB
T6D6BF000 042:813.249   Bootloader: 2021 Jul 29
T6D6BF000 042:814.618   USB speed mode: Super speed (5 GBit/s)
T6D6BF000 042:816.605   TELNET listener socket opened on port 19021
T6D6BF000 042:816.681   WEBSRV WEBSRV_Init(): Starting webserver thread(s)
T6D6BF000 042:816.739   WEBSRV Webserver running on local port 19080
T6D6BF000 042:816.815   Looking for J-Link GUI Server exe at: /Applications/SEGGER/Ozone_V334/Lib/JLinkGUIServerExe
T6D6BF000 042:816.838   Looking for J-Link GUI Server exe at: /Applications/SEGGER/JLink/JLinkGUIServerExe
T6D6BF000 042:816.878   Forking J-Link GUI Server: /Applications/SEGGER/JLink/JLinkGUIServerExe
T6D6BF000 043:228.187   J-Link GUI Server info: "J-Link GUI server V7.96i "
T6D6BF000 043:251.235 - 466.762ms returns "O.K."
T6D6BF000 043:251.289 JLINK_GetSN()
T6D6BF000 043:251.300 - 0.012ms returns 933001354
T6D6BF000 043:251.329 JLINK_GetAvailableLicense()
T6D6BF000 043:251.592 - 0.264ms returns 0x05
T6D6BF000 043:251.600 JLINK_GetFirmwareString(...)
T6D6BF000 043:251.606 - 0.006ms
T6D6BF000 043:251.612 JLINK_DEVICE_GetInfo(DeviceIndex = -1)
T6D6BF000 043:251.618 - 0.005ms returns 10955
T6D6BF000 043:251.623 JLINK_EMU_GetCurrConnectionInfo()
T6D6BF000 043:252.902 - 1.279ms returns 0
T6D6BF000 043:252.922 JLINK_ExecCommand("device=R7S721020", ...). 
T6D6BF000 043:254.840   Device "R7S721020" selected.
T6D6BF000 043:255.360 - 2.432ms returns 0x00
T6D6BF000 043:255.370 JLINK_SetEndian(ARM_ENDIAN_LITTLE)
T6D6BF000 043:255.375 - 0.005ms returns 0
T6D6BF000 043:255.380 JLINK_SetCoreIndex(0)
T6D6BF000 043:255.386 - 0.006ms
T6D6BF000 043:255.391 JLINK_TIF_Select(JLINKARM_TIF_SWD)
T6D6BF000 043:255.863 - 0.471ms returns 0x00
T6D6BF000 043:255.886 JLINK_SetSpeed(50000)
T6D6BF000 043:255.973 - 0.087ms
T6D6BF000 043:255.985 JLINK_Connect()
T6D6BF000 043:256.919   ConfigTargetSettings() start
T6D6BF000 043:256.958    J-Link Script File: Executing ConfigTargetSettings()
T6D6BF000 043:256.974   ConfigTargetSettings() end - Took 15us
T6D6BF000 043:257.298   Found SW-DP with ID 0x3BA02477
T6D6BF000 043:259.605   DPIDR: 0x3BA02477
T6D6BF000 043:259.630   CoreSight SoC-400 or earlier
T6D6BF000 043:259.639   AP map detection skipped. Manually configured AP map found.
T6D6BF000 043:259.647   AP[0]: MEM-AP (IDR: Not set)
T6D6BF000 043:259.654   AP[1]: APB-AP (IDR: Not set)
T6D6BF000 043:259.661   Using preconfigured AP[1] as APB-AP
T6D6BF000 043:259.669   AP[1]: APB-AP found
T6D6BF000 043:272.869   ROMTbl[0][0]: CompAddr: 80002000 CID: B105900D, PID: 003BB906 CTI (?)
T6D6BF000 043:302.456   ROMTbl[0][1]: CompAddr: 80008000 CID: B105900D, PID: 003BB906 CTI (?)
T6D6BF000 043:343.062   ROMTbl[0][2]: CompAddr: 8000C000 CID: B105900D, PID: 003BB906 CTI (?)
T6D6BF000 043:374.848   ROMTbl[0][3]: CompAddr: 8000F000 CID: B105F00D, PID: 000A3FA9 ???
T6D6BF000 043:407.478   ROMTbl[0][4]: CompAddr: 80020000 CID: B105100D, PID: 000BB4A9 ROM Table
T6D6BF000 043:454.644   ROMTbl[1][0]: CompAddr: 80021000 CID: B105900D, PID: 001BB961 TMC
T6D6BF000 043:496.206   ROMTbl[1][1]: CompAddr: 80022000 CID: B105900D, PID: 003BB906 CTI (?)
T6D6BF000 043:533.281   ROMTbl[1][2]: CompAddr: 80023000 CID: B105900D, PID: 004BB912 TPIU
T6D6BF000 043:557.136   ROMTbl[1][3]: CompAddr: 80024000 CID: B105900D, PID: 001BB908 CSTF
T6D6BF000 043:608.174   ROMTbl[1][4]: CompAddr: 80030000 CID: B105900D, PID: 000BBC09 Cortex-A9
T6D6BF000 043:616.189   Found Cortex-A9 r3p0
T6D6BF000 043:616.223   6 code breakpoints, 4 data breakpoints
T6D6BF000 043:616.231   Debug architecture ARMv7.0
T6D6BF000 043:690.617   Data endian: little
T6D6BF000 043:695.920   Main ID register: 0x413FC090
T6D6BF000 043:766.686   I-Cache L1: 32 KB, 256 Sets, 32 Bytes/Line, 4-Way
T6D6BF000 043:766.726   D-Cache L1: 32 KB, 256 Sets, 32 Bytes/Line, 4-Way
T6D6BF000 043:790.631   System control register:
T6D6BF000 043:790.661     Instruction endian: little
T6D6BF000 043:790.667     Level-1 instruction cache enabled
T6D6BF000 043:790.674     Level-1 data cache enabled
T6D6BF000 043:790.680     MMU enabled
T6D6BF000 043:790.685     Branch prediction enabled
T6D6BF000 043:828.724   -- Max. mem block: 0x00016700
T6D6BF000 043:828.840 - 572.855ms returns 0x00
T6D6BF000 043:828.851 JLINK_IsConnected()
T6D6BF000 043:828.856 - 0.004ms returns TRUE
T6D6BF000 043:828.860 JLINK_GetSpeed()
T6D6BF000 043:828.864 - 0.004ms returns 50000
T6D6BF000 043:828.868 JLINK_Api_CanAccMemwhileRunning()
T6D6BF000 043:830.095 - 1.228ms returns 2
T6D6BF000 043:830.689 JLINK_RAWTRACE_Control(JLINKARM_RAWTRACE_CMD_GET_CAPS, ...)
T6D6BF000 043:830.791 - 0.101ms returns 0x00, *pData = 0x00001FFF
T6D6BF000 043:830.798 JLINK_POWERTRACE_Control(JLINK_POWERTRACE_CMD_GET_CAPS, ...)
T6D6BF000 043:830.967 - 0.169ms returns 0x00
T6D6BF000 043:830.980 JLINK_GetMemZones(...)
T6D6BF000 043:830.985 - 0.005ms returns 2
T6D6BF000 043:830.991 JLINK_IsOpen()
T6D6BF000 043:830.995 - 0.004ms returns 0x01
T6D6BF000 043:830.999 JLINK_IsConnected()
T6D6BF000 043:831.003 - 0.004ms returns TRUE
T6D6BF000 043:831.007 JLINK_EnableSoftBPs(ON)
T6D6BF000 043:831.010 - 0.003ms
T6D6BF000 043:831.014 JLINK_SetEndian(ARM_ENDIAN_LITTLE)
T6D6BF000 043:831.017 - 0.003ms returns 0
T6D6BF000 043:831.022 JLINK_IsHalted()
T6D6BF000 043:831.191 - 0.169ms returns FALSE
TF5EEFAC0 043:843.665 JLINK_GetDebugInfo(0x01 = Unknown)
TF5EEFAC0 043:843.695 - 0.030ms returns -1
TF5EEFAC0 043:843.700 JLINK_GetDebugInfo(0x10F = JLINKARM_DEBUG_INFO_HAS_CORTEX_M_SECURITY_EXT_INDEX)
TF5EEFAC0 043:843.704 - 0.004ms returns -1
T6D6BF000 043:843.850 JLINK_Halt()
T6D6BF000 043:844.392 - 0.542ms returns 0x00
T6D6BF000 043:844.399 JLINK_Reset()
T6D6BF000 043:971.548   Cortex-A/R (reset): Re-initializing debug logic.
T6D6BF000 043:980.089   
  ***** Warning: 
T6D6BF000 043:980.104   CPU not halted after Reset, halting using Halt request
T6D6BF000 043:988.444   AfterResetTarget() start
T6D6BF000 043:988.466    J-Link Script File: Executing AfterResetTarget()
T6D6BF000 043:988.480   AfterResetTarget() end - Took 7us
T6D6BF000 043:988.486 - 144.087ms
T6D6BF000 043:988.494 JLINK_IsHalted()
T6D6BF000 043:988.499 - 0.005ms returns TRUE
T6D6BF000 043:988.506 JLINK_ReadRegs_64(NumRegs = 1, Indexes: 
T6D6BF000 043:988.510   9)
T6D6BF000 043:988.519    -- R15 (PC)=0x20020A88
T6D6BF000 043:988.526 - 0.020ms returns 0
T6D6BF000 043:988.532 JLINK_ReadRegs_64(NumRegs = 1, Indexes: 
T6D6BF000 043:988.535   79)
T6D6BF000 043:988.761    -- R13=0x202F5FE0
T6D6BF000 043:988.768 - 0.236ms returns 0
T6D6BF000 043:988.780 JLINK_POWERTRACE_Control(JLINK_POWERTRACE_CMD_FLUSH, ...)
T6D6BF000 043:988.785   Debugger requested to flush all items
T6D6BF000 043:988.789   Flushed 0x0 items
T6D6BF000 043:988.794 - 0.014ms returns 0x00
T6D6BF000 043:988.797 JLINK_POWERTRACE_Control(JLINK_POWERTRACE_CMD_FLUSH, ...)
T6D6BF000 043:988.800   Debugger requested to flush all items
T6D6BF000 043:988.806   Flushed 0x0 items
T6D6BF000 043:988.811 - 0.014ms returns 0x00
TF5EEFAC0 044:046.001 JLINK_ReadRegs_64(NumRegs = 1, Indexes: 
TF5EEFAC0 044:046.032   9)
TF5EEFAC0 044:046.041    -- R15 (PC)=0x20020A88
TF5EEFAC0 044:046.059 - 0.058ms returns 0
TF5EEFAC0 044:046.063 JLINK_ReadRegs_64(NumRegs = 1, Indexes: 
TF5EEFAC0 044:046.066   79)
TF5EEFAC0 044:046.072    -- R13=0x202F5FE0
TF5EEFAC0 044:046.077 - 0.014ms returns 0
T6D6BF000 044:047.023 JLINK_WriteMemEx(0x20020000, 0x0019D32C Bytes, Flags = 0x00000000)
T6D6BF000 044:047.035   Data:  00 00 00 00 00 00 00 00 00 00 00 00 00 00 00 00 ...
T6D6BF000 044:047.834    -- Need to split memory access
T6D6BF000 044:047.859    -- #0: 0x20020000, 0x000E0000 bytes
T6D6BF000 044:047.874   CPU_WriteMem(917504 bytes @ 0x20020000)
T6D6BF000 044:442.585    -- #1: 0x20100000, 0x000BD32C bytes
T6D6BF000 044:442.619   CPU_WriteMem(774956 bytes @ 0x20100000)
T6D6BF000 044:776.806 - 729.780ms returns 0x19D32C
T6D6BF000 044:776.940 JLINK_WriteMemEx(0x201BD32C, 0x000047E0 Bytes, Flags = 0x00000000)
T6D6BF000 044:776.971   Data:  08 00 00 0C 07 00 00 00 45 6E 67 6C 69 73 68 00 ...
T6D6BF000 044:777.049   CPU_WriteMem(18400 bytes @ 0x201BD32C)
T6D6BF000 044:785.268 - 8.328ms returns 0x47E0
T6D6BF000 044:790.006 JLINK_EndDownload()
T6D6BF000 044:790.038 - 0.031ms returns 0 (0x0)
T6D6BF000 044:790.058 JLINK_IsHalted()
T6D6BF000 044:790.284 - 0.225ms returns TRUE
T6D6BF000 044:791.617 JLINK_ExecCommand("ReadIntoTraceCache 0x20000000 0x00300000", ...). 
T6D6BF000 044:791.703   CPU_ReadMem(131072 bytes @ 0x20000000)
T6D6BF000 044:850.678   CPU_ReadMem(917504 bytes @ 0x20020000)
T6D6BF000 045:262.494    -- Updating C cache (917504 bytes @ 0x20020000)
T6D6BF000 045:262.627    -- Read from C cache (917504 bytes @ 0x20020000)
T6D6BF000 045:262.637   CPU_ReadMem(2097152 bytes @ 0x20100000)
T6D6BF000 046:203.784 - 1412.114ms returns 0x00
TF5EEFAC0 046:205.700 JLINK_ReadRegs_64(NumRegs = 1, Indexes: 
TF5EEFAC0 046:205.710   9)
TF5EEFAC0 046:205.721    -- R15 (PC)=0x20020A88
TF5EEFAC0 046:205.727 - 0.026ms returns 0
TF5EEFAC0 046:205.733 JLINK_ReadRegs_64(NumRegs = 1, Indexes: 
TF5EEFAC0 046:205.737   79)
TF5EEFAC0 046:205.742    -- R13=0x202F5FE0
TF5EEFAC0 046:205.747 - 0.014ms returns 0
TF5EEFAC0 046:205.778 JLINK_WriteVectorCatch(0x0000001E)
TF5EEFAC0 046:205.954 - 0.175ms returns 0
T6D6BF000 046:205.988 JLINK_IsHalted()
T6D6BF000 046:206.186 - 0.198ms returns TRUE
T6D6BF000 046:206.193 JLINK_ReadRegs_64(NumRegs = 1, Indexes: 
T6D6BF000 046:206.196   9)
T6D6BF000 046:206.203    -- R15 (PC)=0x20020A88
T6D6BF000 046:206.208 - 0.015ms returns 0
T6D6BF000 046:206.212 JLINK_ReadRegs_64(NumRegs = 1, Indexes: 
T6D6BF000 046:206.215   79)
T6D6BF000 046:206.220    -- R13=0x202F5FE0
T6D6BF000 046:206.225 - 0.013ms returns 0
T6D6BF000 046:206.235 JLINK_STRACE_Config(sConfig = PortWidth=1)
T6D6BF000 046:206.244 - 0.009ms returns 0x00
T6D6BF000 046:206.254 JLINK_ExecCommand("TraceSampleAdjust TD = 2450", ...). 
T6D6BF000 046:206.402 - 0.144ms returns 0x00
T6D6BF000 046:206.413 JLINK_ExecCommand("SelectTraceSource=1", ...). 
T6D6BF000 046:206.417 - 0.000ms returns 0x00
T6D6BF000 046:206.427 JLINK_STRACE_Start()
T6D6BF000 046:206.434   Executing J-Link script file function OnTraceStart()
T6D6BF000 046:206.439   OnTraceStart() start
T6D6BF000 046:206.444    J-Link Script File: Executing OnTraceStart()
T6D6BF000 046:206.455   CPU_WriteMem(4 bytes @ 0xFC00FFB0)
T6D6BF000 046:206.684   CPU_ReadMem(4 bytes @ 0xFC00F004)
T6D6BF000 046:206.914   CPU_WriteMem(4 bytes @ 0xFC00F004)
T6D6BF000 046:207.107   OnTraceStart() end - Took 661us
T6D6BF000 046:210.840   CPU_ReadMem(4 bytes @ 0x80024000)
T6D6BF000 046:211.047   CPU_WriteMem(4 bytes @ 0x80024000)
T6D6BF000 046:211.219   CPU_WriteMem(4 bytes @ 0x80024004)
T6D6BF000 046:211.389   CPU_ReadMem(4 bytes @ 0x80021020)
T6D6BF000 046:211.572   CPU_WriteMem(4 bytes @ 0x80021028)
T6D6BF000 046:211.742   CPU_ReadMem(4 bytes @ 0x80021304)
T6D6BF000 046:211.862   CPU_WriteMem(4 bytes @ 0x80021304)
T6D6BF000 046:212.025   CPU_WriteMem(4 bytes @ 0x8002101C)
T6D6BF000 046:212.217   CPU_WriteMem(4 bytes @ 0x80021014)
T6D6BF000 046:212.378   CPU_WriteMem(4 bytes @ 0x80021018)
T6D6BF000 046:212.563   CPU_ReadMem(4 bytes @ 0x80021020)
T6D6BF000 046:212.743   CPU_WriteMem(4 bytes @ 0x80021020)
T6D6BF000 046:212.909   CPU_WriteMem(4 bytes @ 0x800230F0)
T6D6BF000 046:213.077   CPU_WriteMem(4 bytes @ 0x80023004)
T6D6BF000 046:213.245   CPU_ReadMem(4 bytes @ 0x80023304)
T6D6BF000 046:213.409   CPU_WriteMem(4 bytes @ 0x80023304)
T6D6BF000 046:213.570   CPU_ReadMem(4 bytes @ 0x8003C000)
T6D6BF000 046:213.753   CPU_WriteMem(4 bytes @ 0x8003C000)
T6D6BF000 046:213.922   CPU_WriteMem(4 bytes @ 0x8003C000)
T6D6BF000 046:214.080   CPU_WriteMem(4 bytes @ 0x8003C1E0)
T6D6BF000 046:215.309   CPU_WriteMem(4 bytes @ 0x8003C018)
T6D6BF000 046:215.438   CPU_WriteMem(4 bytes @ 0x8003C024)
T6D6BF000 046:215.644   CPU_WriteMem(4 bytes @ 0x8003C020)
T6D6BF000 046:215.759   CPU_WriteMem(4 bytes @ 0x8003C200)
T6D6BF000 046:215.874   CPU_ReadMem(4 bytes @ 0x8003C000)
T6D6BF000 046:216.053   CPU_WriteMem(4 bytes @ 0x8003C000)
T6D6BF000 046:216.173   CPU_ReadMem(4 bytes @ 0x8003C000)
T6D6BF000 046:216.358   CPU_ReadMem(4 bytes @ 0x8003C200)
T6D6BF000 046:216.576 - 10.149ms returns 0x1EFE920
T6D6BF000 046:216.587 JLINK_WriteVectorCatch(0x0000001A)
T6D6BF000 046:216.720 - 0.132ms returns 0
T6D6BF000 046:216.733 JLINK_FindBP(Addr = 0x2007C72C)
T6D6BF000 046:216.737 - 0.004ms returns 0
T6D6BF000 046:216.743 JLINK_SetBPEx_64(Addr = 0x2007C72C, Type = 0xFFFFFFF2)
T6D6BF000 046:216.748 - 0.005ms returns 0x00000001
T6D6BF000 046:216.751 JLINK_FindBP(Addr = 0x2007C72C)
T6D6BF000 046:216.807 - 0.056ms returns 1
T6D6BF000 046:216.812 JLINK_GetBPInfoEx(iBP = -1)
T6D6BF000 046:216.816 - 0.004ms returns 1
T6D6BF000 046:216.821 JLINK_FindBP(Addr = 0x2007C5DA)
T6D6BF000 046:216.825 - 0.004ms returns 0
T6D6BF000 046:216.831 JLINK_SetBPEx_64(Addr = 0x2007C5DA, Type = 0xFFFFFFF2)
T6D6BF000 046:216.836 - 0.006ms returns 0x00000002
T6D6BF000 046:216.840 JLINK_FindBP(Addr = 0x2007C72C)
T6D6BF000 046:216.843 - 0.003ms returns 1
T6D6BF000 046:216.846 JLINK_GetBPInfoEx(iBP = -1)
T6D6BF000 046:216.849 - 0.003ms returns 2
T6D6BF000 046:216.853 JLINK_FindBP(Addr = 0x2007C5DA)
T6D6BF000 046:216.856 - 0.003ms returns 2
T6D6BF000 046:216.860 JLINK_GetBPInfoEx(iBP = -1)
T6D6BF000 046:216.864 - 0.004ms returns 2
T6D6BF000 046:216.955 JLINK_GoEx(MaxEmulInsts = -1, Flags = 0x01)
T6D6BF000 046:217.143   CPU_WriteMem(4 bytes @ 0x80030100)
T6D6BF000 046:217.332   CPU_WriteMem(4 bytes @ 0x80030140)
T6D6BF000 046:218.586   CPU_WriteMem(4 bytes @ 0x80030104)
T6D6BF000 046:218.695   CPU_WriteMem(4 bytes @ 0x80030144)
T6D6BF000 046:218.822   CPU_WriteMem(4 bytes @ 0x80030148)
T6D6BF000 046:218.998   CPU_WriteMem(4 bytes @ 0x8003014C)
T6D6BF000 046:219.177   CPU_WriteMem(4 bytes @ 0x80030150)
T6D6BF000 046:219.365   CPU_WriteMem(4 bytes @ 0x80030154)
T6D6BF000 046:220.007   Memory map 'after startup completion point' is active
T6D6BF000 046:220.014 - 3.059ms
T6D6BF000 046:405.157 JLINK_STRACE_GetInstStats(..., Addr = 0x2007A670, NumItems = 0xD972A, Type = 0x09)
T6D6BF000 046:405.343 - 0.187ms NumItemsRead = 0xD972A
T6D6BF000 046:461.494 JLINK_STRACE_GetInstStats(..., Addr = 0x2007A670, NumItems = 0xD972A, Type = 0x09)
T6D6BF000 046:461.629 - 0.135ms NumItemsRead = 0xD972A
T6D6BF000 046:559.388 JLINK_STRACE_GetInstStats(..., Addr = 0x2007A670, NumItems = 0xD972A, Type = 0x09)
T6D6BF000 046:559.522 - 0.135ms NumItemsRead = 0xD972A
T6D6BF000 046:659.071 JLINK_STRACE_GetInstStats(..., Addr = 0x2007A670, NumItems = 0xD972A, Type = 0x09)
T6D6BF000 046:659.201 - 0.130ms NumItemsRead = 0xD972A
T6D6BF000 046:757.058 JLINK_STRACE_GetInstStats(..., Addr = 0x2007A670, NumItems = 0xD972A, Type = 0x09)
T6D6BF000 046:757.300 - 0.243ms NumItemsRead = 0xD972A
T6D6BF000 046:887.971 JLINK_STRACE_GetInstStats(..., Addr = 0x2007A670, NumItems = 0xD972A, Type = 0x09)
T6D6BF000 046:888.100 - 0.130ms NumItemsRead = 0xD972A
T6D6BF000 046:952.708 JLINK_STRACE_GetInstStats(..., Addr = 0x2007A670, NumItems = 0xD972A, Type = 0x09)
T6D6BF000 046:952.868 - 0.160ms NumItemsRead = 0xD972A
T6D6BF000 047:052.651 JLINK_STRACE_GetInstStats(..., Addr = 0x2007A670, NumItems = 0xD972A, Type = 0x09)
T6D6BF000 047:052.797 - 0.146ms NumItemsRead = 0xD972A
T6D6BF000 047:152.468 JLINK_STRACE_GetInstStats(..., Addr = 0x2007A670, NumItems = 0xD972A, Type = 0x09)
T6D6BF000 047:152.679 - 0.212ms NumItemsRead = 0xD972A
T6D6BF000 047:253.029 JLINK_STRACE_GetInstStats(..., Addr = 0x2007A670, NumItems = 0xD972A, Type = 0x09)
T6D6BF000 047:253.246 - 0.218ms NumItemsRead = 0xD972A
T6D6BF000 047:378.835 JLINK_STRACE_GetInstStats(..., Addr = 0x2007A670, NumItems = 0xD972A, Type = 0x09)
T6D6BF000 047:378.977 - 0.143ms NumItemsRead = 0xD972A
T6D6BF000 047:444.880 JLINK_STRACE_GetInstStats(..., Addr = 0x2007A670, NumItems = 0xD972A, Type = 0x09)
T6D6BF000 047:445.049 - 0.168ms NumItemsRead = 0xD972A
T6D6BF000 047:545.729 JLINK_STRACE_GetInstStats(..., Addr = 0x2007A670, NumItems = 0xD972A, Type = 0x09)
T6D6BF000 047:546.039 - 0.312ms NumItemsRead = 0xD972A
T6D6BF000 047:642.574 JLINK_STRACE_GetInstStats(..., Addr = 0x2007A670, NumItems = 0xD972A, Type = 0x09)
T6D6BF000 047:642.892 - 0.320ms NumItemsRead = 0xD972A
T6D6BF000 047:743.119 JLINK_STRACE_GetInstStats(..., Addr = 0x2007A670, NumItems = 0xD972A, Type = 0x09)
T6D6BF000 047:743.362 - 0.244ms NumItemsRead = 0xD972A
T6D6BF000 047:865.332 JLINK_STRACE_GetInstStats(..., Addr = 0x2007A670, NumItems = 0xD972A, Type = 0x09)
T6D6BF000 047:865.493 - 0.173ms NumItemsRead = 0xD972A
T6D6BF000 047:936.963 JLINK_STRACE_GetInstStats(..., Addr = 0x2007A670, NumItems = 0xD972A, Type = 0x09)
T6D6BF000 047:937.090 - 0.128ms NumItemsRead = 0xD972A
T6D6BF000 048:038.049 JLINK_STRACE_GetInstStats(..., Addr = 0x2007A670, NumItems = 0xD972A, Type = 0x09)
T6D6BF000 048:038.178 - 0.129ms NumItemsRead = 0xD972A
T6D6BF000 048:134.323 JLINK_STRACE_GetInstStats(..., Addr = 0x2007A670, NumItems = 0xD972A, Type = 0x09)
T6D6BF000 048:134.478 - 0.155ms NumItemsRead = 0xD972A
T6D6BF000 048:233.263 JLINK_STRACE_GetInstStats(..., Addr = 0x2007A670, NumItems = 0xD972A, Type = 0x09)
T6D6BF000 048:233.547 - 0.285ms NumItemsRead = 0xD972A
T6D6BF000 048:290.958 JLINK_IsHalted()
T6D6BF000 048:293.596 - 2.638ms returns TRUE
T6D6BF000 048:297.722 JLINK_ReadRegs_64(NumRegs = 1, Indexes: 
T6D6BF000 048:297.746   9)
T6D6BF000 048:297.773    -- R15 (PC)=0x2007C72C
T6D6BF000 048:297.795 - 0.074ms returns 0
T6D6BF000 048:297.811 JLINK_ReadRegs_64(NumRegs = 1, Indexes: 
T6D6BF000 048:297.826   79)
T6D6BF000 048:298.098    -- R13=0x20300000
T6D6BF000 048:298.124 - 0.313ms returns 0
T6D6BF000 048:298.157 JLINK_FindBP(Addr = 0x2007C72C)
T6D6BF000 048:298.173 - 0.016ms returns 1
T6D6BF000 048:298.189 JLINK_ClrBPEx(BPHandle = 0x00000001)
T6D6BF000 048:298.205 - 0.017ms returns 0x00
T6D6BF000 048:298.220 JLINK_FindBP(Addr = 0x2007C5DA)
T6D6BF000 048:298.235 - 0.015ms returns 2
T6D6BF000 048:298.250 JLINK_ClrBPEx(BPHandle = 0x00000002)
T6D6BF000 048:298.265 - 0.015ms returns 0x00
TF5EEFAC0 048:300.749 JLINK_IsHalted()
TF5EEFAC0 048:300.831 - 0.082ms returns TRUE
TF5EEFAC0 048:300.850 JLINK_ReadRegs_64(NumRegs = 1, Indexes: 
TF5EEFAC0 048:300.865   8)
TF5EEFAC0 048:300.905    -- CPSR=0x400001FF
TF5EEFAC0 048:300.929 - 0.079ms returns 0
TF5EEFAC0 048:300.944 JLINK_ReadRegs_64(NumRegs = 1, Indexes: 
TF5EEFAC0 048:300.959   80)
TF5EEFAC0 048:300.982    -- R14=0x2007A8CC
TF5EEFAC0 048:301.004 - 0.059ms returns 0
T6D6BF000 048:306.887 JLINK_POWERTRACE_Control(JLINK_POWERTRACE_CMD_FLUSH, ...)
T6D6BF000 048:306.956   Debugger requested to flush all items
T6D6BF000 048:306.979   Flushed 0x0 items
T6D6BF000 048:307.001 - 0.114ms returns 0x00
TF5EEFAC0 048:308.360 JLINK_IsHalted()
TF5EEFAC0 048:308.397 - 0.037ms returns TRUE
TF5EEFAC0 048:308.404 JLINK_ReadRegs_64(NumRegs = 1, Indexes: 
TF5EEFAC0 048:308.411   8)
TF5EEFAC0 048:308.423    -- CPSR=0x400001FF
TF5EEFAC0 048:308.431 - 0.027ms returns 0
TF5EEFAC0 048:308.437 JLINK_ReadRegs_64(NumRegs = 1, Indexes: 
TF5EEFAC0 048:308.442   80)
TF5EEFAC0 048:308.450    -- R14=0x2007A8CC
TF5EEFAC0 048:308.457 - 0.020ms returns 0
TF5EEFAC0 048:308.506 JLINK_IsHalted()
TF5EEFAC0 048:308.513 - 0.007ms returns TRUE
TF5EEFAC0 048:308.537 JLINK_ReadRegs_64(NumRegs = 1, Indexes: 
TF5EEFAC0 048:308.540   79)
TF5EEFAC0 048:308.545    -- R13=0x20300000
TF5EEFAC0 048:308.550 - 0.013ms returns 0
T6D6BF000 048:308.605 JLINK_IsHalted()
T6D6BF000 048:308.614 - 0.009ms returns TRUE
T6D6BF000 048:308.620 JLINK_ReadRegs_64(NumRegs = 1, Indexes: 
T6D6BF000 048:308.624   80)
T6D6BF000 048:308.630    -- R14=0x2007A8CC
T6D6BF000 048:308.636 - 0.017ms returns 0
T6D6BF000 048:332.259 JLINK_STRACE_ReadEx(..., NumItems = 0x30D40)
T6D6BF000 048:332.295   CPU_ReadMem(4 bytes @ 0x8003C000)
T6D6BF000 048:332.452   CPU_WriteMem(4 bytes @ 0x8003C000)
T6D6BF000 048:332.629   CPU_ReadMem(4 bytes @ 0x8003C010)
T6D6BF000 048:332.799   CPU_ReadMem(4 bytes @ 0x80023300)
T6D6BF000 048:332.970   CPU_ReadMem(4 bytes @ 0x80023304)
T6D6BF000 048:333.108   CPU_WriteMem(4 bytes @ 0x80023304)
T6D6BF000 048:333.290   CPU_WriteMem(4 bytes @ 0x80023304)
T6D6BF000 048:333.474   CPU_ReadMem(4 bytes @ 0x80023300)
T6D6BF000 048:333.660   CPU_ReadMem(4 bytes @ 0x80021020)
T6D6BF000 048:333.854   CPU_ReadMem(4 bytes @ 0x8002100C)
T6D6BF000 048:334.029   CPU_ReadMem(4 bytes @ 0x80021304)
T6D6BF000 048:334.181   CPU_WriteMem(4 bytes @ 0x80021304)
T6D6BF000 048:334.295   CPU_WriteMem(4 bytes @ 0x80021304)
T6D6BF000 048:334.429   CPU_ReadMem(4 bytes @ 0x8002100C)
T6D6BF000 048:344.067 - 11.807ms NumItemsRead = 0x30D40
T6D6BF000 048:403.851 JLINK_STRACE_GetInstStats(..., Addr = 0x2007A670, NumItems = 0xD972A, Type = 0x09)
T6D6BF000 048:404.730 - 0.878ms NumItemsRead = 0xD972A
T6D6BF000 048:405.360 JLINK_STRACE_ReadEx(..., NumItems = 0x30D40)
T6D6BF000 048:405.395 - 0.035ms NumItemsRead = 0x248D2
T6D6BF000 048:445.784 JLINK_STRACE_ReadEx(..., NumItems = 0x30D40)
T6D6BF000 048:445.814 - 0.031ms NumItemsRead = 0x00
T6D6BF000 048:448.013 JLINK_STRACE_GetInstStats(..., Addr = 0x2007A670, NumItems = 0xD972A, Type = 0x09)
T6D6BF000 048:448.473 - 0.459ms NumItemsRead = 0xD972A
T6D6BF000 048:477.049 JLINK_STRACE_ReadEx(..., NumItems = 0x30D40)
T6D6BF000 048:477.092 - 0.044ms NumItemsRead = 0x00
T6D6BF000 048:487.000 JLINK_STRACE_ReadEx(..., NumItems = 0x30D40)
T6D6BF000 048:487.040 - 0.040ms NumItemsRead = 0x00
T6D6BF000 048:527.183 JLINK_STRACE_GetInstStats(..., Addr = 0x2007A670, NumItems = 0xD972A, Type = 0x09)
T6D6BF000 048:527.707 - 0.524ms NumItemsRead = 0xD972A
T6D6BF000 048:928.598 JLINK_STRACE_GetInstStats(..., Addr = 0x2007A670, NumItems = 0xD972A, Type = 0x09)
T6D6BF000 048:929.593 - 0.996ms NumItemsRead = 0xD972A
T6D6BF000 055:502.899 JLINK_FindBP(Addr = 0x2007C5DA)
T6D6BF000 055:502.931 - 0.032ms returns 0
T6D6BF000 055:502.938 JLINK_SetBPEx_64(Addr = 0x2007C5DA, Type = 0xFFFFFFF2)
T6D6BF000 055:502.946 - 0.008ms returns 0x00000003
T6D6BF000 055:502.950 JLINK_FindBP(Addr = 0x2007C5DA)
T6D6BF000 055:502.953 - 0.003ms returns 3
T6D6BF000 055:502.956 JLINK_GetBPInfoEx(iBP = -1)
T6D6BF000 055:502.959 - 0.003ms returns 1
T6D6BF000 055:503.047 JLINK_GoEx(MaxEmulInsts = -1, Flags = 0x01)
T6D6BF000 055:503.364   CPU_WriteMem(4 bytes @ 0x80030100)
T6D6BF000 055:503.495   CPU_WriteMem(4 bytes @ 0x80030140)
T6D6BF000 055:503.661   CPU_WriteMem(4 bytes @ 0x80030144)
T6D6BF000 055:503.755   CPU_WriteMem(4 bytes @ 0x80030148)
T6D6BF000 055:503.952   CPU_WriteMem(4 bytes @ 0x8003014C)
T6D6BF000 055:504.118   CPU_WriteMem(4 bytes @ 0x80030150)
T6D6BF000 055:504.281   CPU_WriteMem(4 bytes @ 0x80030154)
T6D6BF000 055:504.504   Executing J-Link script file function OnTraceStart()
T6D6BF000 055:504.516   OnTraceStart() start
T6D6BF000 055:504.522    J-Link Script File: Executing OnTraceStart()
T6D6BF000 055:504.531   CPU_WriteMem(4 bytes @ 0xFC00FFB0)
T6D6BF000 055:504.694   CPU_ReadMem(4 bytes @ 0xFC00F004)
T6D6BF000 055:504.861   CPU_WriteMem(4 bytes @ 0xFC00F004)
T6D6BF000 055:505.027   OnTraceStart() end - Took 503us
T6D6BF000 055:506.807   CPU_ReadMem(4 bytes @ 0x80024000)
T6D6BF000 055:506.920   CPU_WriteMem(4 bytes @ 0x80024000)
T6D6BF000 055:507.097   CPU_WriteMem(4 bytes @ 0x80024004)
T6D6BF000 055:507.273   CPU_ReadMem(4 bytes @ 0x80021020)
T6D6BF000 055:507.515   CPU_ReadMem(4 bytes @ 0x8002100C)
T6D6BF000 055:507.671   CPU_ReadMem(4 bytes @ 0x80021020)
T6D6BF000 055:508.893   CPU_WriteMem(4 bytes @ 0x80021020)
T6D6BF000 055:509.081   CPU_WriteMem(4 bytes @ 0x80021028)
T6D6BF000 055:509.243   CPU_ReadMem(4 bytes @ 0x80021304)
T6D6BF000 055:509.398   CPU_WriteMem(4 bytes @ 0x8002101C)
T6D6BF000 055:509.510   CPU_WriteMem(4 bytes @ 0x80021014)
T6D6BF000 055:509.719   CPU_WriteMem(4 bytes @ 0x80021018)
T6D6BF000 055:509.881   CPU_ReadMem(4 bytes @ 0x80021020)
T6D6BF000 055:510.045   CPU_WriteMem(4 bytes @ 0x80021020)
T6D6BF000 055:510.208   CPU_WriteMem(4 bytes @ 0x800230F0)
T6D6BF000 055:510.386   CPU_WriteMem(4 bytes @ 0x80023004)
T6D6BF000 055:510.552   CPU_ReadMem(4 bytes @ 0x80023304)
T6D6BF000 055:510.714   CPU_WriteMem(4 bytes @ 0x80023304)
T6D6BF000 055:510.871   CPU_ReadMem(4 bytes @ 0x8003C000)
T6D6BF000 055:511.067   CPU_WriteMem(4 bytes @ 0x8003C000)
T6D6BF000 055:511.228   CPU_WriteMem(4 bytes @ 0x8003C1E0)
T6D6BF000 055:511.382   CPU_WriteMem(4 bytes @ 0x8003C018)
T6D6BF000 055:511.539   CPU_WriteMem(4 bytes @ 0x8003C024)
T6D6BF000 055:511.706   CPU_WriteMem(4 bytes @ 0x8003C020)
T6D6BF000 055:511.858   CPU_WriteMem(4 bytes @ 0x8003C200)
T6D6BF000 055:512.023   CPU_ReadMem(4 bytes @ 0x8003C000)
T6D6BF000 055:512.180   CPU_WriteMem(4 bytes @ 0x8003C000)
T6D6BF000 055:512.348   CPU_ReadMem(4 bytes @ 0x8003C000)
T6D6BF000 055:512.515   CPU_ReadMem(4 bytes @ 0x8003C200)
T6D6BF000 055:513.031 - 9.985ms
T6D6BF000 055:513.075 JLINK_IsHalted()
T6D6BF000 055:513.211 - 0.137ms returns FALSE
T6D6BF000 055:533.649 JLINK_STRACE_GetInstStats(..., Addr = 0x2007A670, NumItems = 0xD972A, Type = 0x09)
T6D6BF000 055:534.229 - 0.580ms NumItemsRead = 0xD972A
T6D6BF000 055:621.634 JLINK_STRACE_GetInstStats(..., Addr = 0x2007A670, NumItems = 0xD972A, Type = 0x09)
T6D6BF000 055:622.576 - 0.942ms NumItemsRead = 0xD972A
T6D6BF000 055:743.614 JLINK_STRACE_GetInstStats(..., Addr = 0x2007A670, NumItems = 0xD972A, Type = 0x09)
T6D6BF000 055:744.107 - 0.493ms NumItemsRead = 0xD972A
T6D6BF000 055:916.031 JLINK_STRACE_GetInstStats(..., Addr = 0x2007A670, NumItems = 0xD972A, Type = 0x09)
T6D6BF000 055:916.589 - 0.558ms NumItemsRead = 0xD972A
T6D6BF000 056:110.327 JLINK_STRACE_GetInstStats(..., Addr = 0x2007A670, NumItems = 0xD972A, Type = 0x09)
T6D6BF000 056:110.835 - 0.510ms NumItemsRead = 0xD972A
T6D6BF000 056:318.198 JLINK_STRACE_GetInstStats(..., Addr = 0x2007A670, NumItems = 0xD972A, Type = 0x09)
T6D6BF000 056:319.013 - 0.816ms NumItemsRead = 0xD972A
T6D6BF000 056:497.810 JLINK_STRACE_GetInstStats(..., Addr = 0x2007A670, NumItems = 0xD972A, Type = 0x09)
T6D6BF000 056:498.254 - 0.445ms NumItemsRead = 0xD972A
T6D6BF000 056:705.579 JLINK_STRACE_GetInstStats(..., Addr = 0x2007A670, NumItems = 0xD972A, Type = 0x09)
T6D6BF000 056:706.538 - 0.961ms NumItemsRead = 0xD972A
T6D6BF000 056:793.982 JLINK_STRACE_GetInstStats(..., Addr = 0x2007A670, NumItems = 0xD972A, Type = 0x09)
T6D6BF000 056:794.953 - 0.972ms NumItemsRead = 0xD972A
T6D6BF000 056:891.110 JLINK_STRACE_GetInstStats(..., Addr = 0x2007A670, NumItems = 0xD972A, Type = 0x09)
T6D6BF000 056:891.617 - 0.506ms NumItemsRead = 0xD972A
T6D6BF000 056:989.638 JLINK_STRACE_GetInstStats(..., Addr = 0x2007A670, NumItems = 0xD972A, Type = 0x09)
T6D6BF000 056:990.080 - 0.443ms NumItemsRead = 0xD972A
T6D6BF000 057:087.575 JLINK_STRACE_GetInstStats(..., Addr = 0x2007A670, NumItems = 0xD972A, Type = 0x09)
T6D6BF000 057:088.278 - 0.704ms NumItemsRead = 0xD972A
T6D6BF000 057:197.367 JLINK_STRACE_GetInstStats(..., Addr = 0x2007A670, NumItems = 0xD972A, Type = 0x09)
T6D6BF000 057:198.076 - 0.710ms NumItemsRead = 0xD972A
T6D6BF000 057:288.625 JLINK_STRACE_GetInstStats(..., Addr = 0x2007A670, NumItems = 0xD972A, Type = 0x09)
T6D6BF000 057:289.633 - 1.009ms NumItemsRead = 0xD972A
T6D6BF000 057:383.003 JLINK_STRACE_GetInstStats(..., Addr = 0x2007A670, NumItems = 0xD972A, Type = 0x09)
T6D6BF000 057:383.402 - 0.399ms NumItemsRead = 0xD972A
T6D6BF000 057:481.640 JLINK_STRACE_GetInstStats(..., Addr = 0x2007A670, NumItems = 0xD972A, Type = 0x09)
T6D6BF000 057:482.054 - 0.414ms NumItemsRead = 0xD972A
T6D6BF000 057:579.642 JLINK_STRACE_GetInstStats(..., Addr = 0x2007A670, NumItems = 0xD972A, Type = 0x09)
T6D6BF000 057:580.086 - 0.443ms NumItemsRead = 0xD972A
T6D6BF000 057:601.596 JLINK_IsHalted()
T6D6BF000 057:602.083 - 0.487ms returns TRUE
T6D6BF000 057:602.092 JLINK_ReadRegs_64(NumRegs = 1, Indexes: 
T6D6BF000 057:602.095   9)
T6D6BF000 057:602.106    -- R15 (PC)=0x2007C5DA
T6D6BF000 057:602.123 - 0.031ms returns 0
T6D6BF000 057:602.128 JLINK_ReadRegs_64(NumRegs = 1, Indexes: 
T6D6BF000 057:602.132   79)
T6D6BF000 057:602.396    -- R13=0x202FFFF8
T6D6BF000 057:602.405 - 0.277ms returns 0
T6D6BF000 057:602.419 JLINK_FindBP(Addr = 0x2007C5DA)
T6D6BF000 057:602.422 - 0.003ms returns 3
T6D6BF000 057:602.426 JLINK_ClrBPEx(BPHandle = 0x00000003)
T6D6BF000 057:602.430 - 0.004ms returns 0x00
TF5EEFAC0 057:604.110 JLINK_IsHalted()
TF5EEFAC0 057:604.119 - 0.009ms returns TRUE
TF5EEFAC0 057:604.123 JLINK_ReadRegs_64(NumRegs = 1, Indexes: 
TF5EEFAC0 057:604.127   8)
TF5EEFAC0 057:604.132    -- CPSR=0x6000013F
TF5EEFAC0 057:604.137 - 0.013ms returns 0
TF5EEFAC0 057:604.140 JLINK_ReadRegs_64(NumRegs = 1, Indexes: 
TF5EEFAC0 057:604.142   80)
TF5EEFAC0 057:604.147    -- R14=0x2007C917
TF5EEFAC0 057:604.151 - 0.012ms returns 0
T6D6BF000 057:604.223 JLINK_ExecCommand("SetRTTAddr 0x2007a3d4", ...). 
T6D6BF000 057:604.233 - 0.003ms returns 0x00
T6D6BF000 057:604.238 JLINK_RTTERMINAL_Control(Cmd = JLINKARM_RTTERMINAL_CMD_START)
T6D6BF000 057:604.242 - 0.004ms returns 0x00
T6D6BF000 057:604.410 JLINK_GoEx(MaxEmulInsts = -1, Flags = 0x01)
T6D6BF000 057:604.598   CPU_WriteMem(4 bytes @ 0x80030140)
T6D6BF000 057:604.765   CPU_WriteMem(4 bytes @ 0x80030144)
T6D6BF000 057:604.916   CPU_WriteMem(4 bytes @ 0x80030148)
T6D6BF000 057:605.119   CPU_WriteMem(4 bytes @ 0x8003014C)
T6D6BF000 057:605.314   CPU_WriteMem(4 bytes @ 0x80030150)
T6D6BF000 057:605.504   CPU_WriteMem(4 bytes @ 0x80030154)
T6D6BF000 057:605.907 - 1.497ms
T29A87000 057:611.681   CPU_ReadMem(24 bytes @ 0x2007A3D4)
T29A87000 057:628.331   CPU_ReadMem(24 bytes @ 0x2007A3D4)
T29A87000 057:637.987   CPU_ReadMem(24 bytes @ 0x2007A3D4)
T29A87000 057:647.913   CPU_ReadMem(24 bytes @ 0x2007A3D4)
T29A87000 057:664.970   CPU_ReadMem(24 bytes @ 0x2007A3D4)
T29A87000 057:682.537   CPU_ReadMem(24 bytes @ 0x2007A3D4)
T29A87000 057:700.986   CPU_ReadMem(24 bytes @ 0x2007A3D4)
T29A87000 057:718.779   CPU_ReadMem(24 bytes @ 0x2007A3D4)
T6D6BF000 057:720.132 JLINK_STRACE_GetInstStats(..., Addr = 0x2007A670, NumItems = 0xD972A, Type = 0x09)
T6D6BF000 057:721.681 - 1.549ms NumItemsRead = 0xD972A
T29A87000 057:728.581   CPU_ReadMem(24 bytes @ 0x2007A3D4)
T29A87000 057:747.518   CPU_ReadMem(24 bytes @ 0x2007A3D4)
T29A87000 057:766.855   CPU_ReadMem(24 bytes @ 0x2007A3D4)
T29A87000 057:768.274   Periodic RTT: RTT CB verified. Started data handling
T29A87000 057:769.816   CPU_ReadMem(32 bytes @ 0x2015E2FC)
T6D6BF000 057:818.126 JLINK_STRACE_GetInstStats(..., Addr = 0x2007A670, NumItems = 0xD972A, Type = 0x09)
T6D6BF000 057:819.970 - 1.843ms NumItemsRead = 0xD972A
T6D6BF000 057:999.570 JLINK_STRACE_GetInstStats(..., Addr = 0x2007A670, NumItems = 0xD972A, Type = 0x09)
T6D6BF000 058:001.110 - 1.540ms NumItemsRead = 0xD972A
T6D6BF000 058:205.380 JLINK_STRACE_GetInstStats(..., Addr = 0x2007A670, NumItems = 0xD972A, Type = 0x09)
T6D6BF000 058:208.296 - 2.916ms NumItemsRead = 0xD972A
T6D6BF000 058:404.394 JLINK_STRACE_GetInstStats(..., Addr = 0x2007A670, NumItems = 0xD972A, Type = 0x09)
T6D6BF000 058:407.214 - 2.821ms NumItemsRead = 0xD972A
T6D6BF000 058:590.747 JLINK_STRACE_GetInstStats(..., Addr = 0x2007A670, NumItems = 0xD972A, Type = 0x09)
T6D6BF000 058:593.393 - 2.646ms NumItemsRead = 0xD972A
T6D6BF000 058:788.975 JLINK_STRACE_GetInstStats(..., Addr = 0x2007A670, NumItems = 0xD972A, Type = 0x09)
T6D6BF000 058:791.244 - 2.267ms NumItemsRead = 0xD972A
T6D6BF000 058:993.540 JLINK_STRACE_GetInstStats(..., Addr = 0x2007A670, NumItems = 0xD972A, Type = 0x09)
T6D6BF000 058:995.843 - 2.303ms NumItemsRead = 0xD972A
T6D6BF000 059:191.174 JLINK_STRACE_GetInstStats(..., Addr = 0x2007A670, NumItems = 0xD972A, Type = 0x09)
T6D6BF000 059:194.271 - 3.096ms NumItemsRead = 0xD972A
T6D6BF000 059:402.331 JLINK_STRACE_GetInstStats(..., Addr = 0x2007A670, NumItems = 0xD972A, Type = 0x09)
T6D6BF000 059:405.315 - 2.984ms NumItemsRead = 0xD972A
T6D6BF000 059:580.219 JLINK_STRACE_GetInstStats(..., Addr = 0x2007A670, NumItems = 0xD972A, Type = 0x09)
T6D6BF000 059:582.428 - 2.209ms NumItemsRead = 0xD972A
T6D6BF000 059:693.039 JLINK_IsHalted()
T6D6BF000 059:693.225 - 0.185ms returns FALSE
T6D6BF000 059:781.251 JLINK_STRACE_GetInstStats(..., Addr = 0x2007A670, NumItems = 0xD972A, Type = 0x09)
T6D6BF000 059:783.877 - 2.625ms NumItemsRead = 0xD972A
T6D6BF000 059:967.504 JLINK_STRACE_GetInstStats(..., Addr = 0x2007A670, NumItems = 0xD972A, Type = 0x09)
T6D6BF000 059:970.194 - 2.689ms NumItemsRead = 0xD972A
T6D6BF000 060:175.167 JLINK_STRACE_GetInstStats(..., Addr = 0x2007A670, NumItems = 0xD972A, Type = 0x09)
T6D6BF000 060:178.162 - 2.995ms NumItemsRead = 0xD972A
T6D6BF000 060:387.354 JLINK_STRACE_GetInstStats(..., Addr = 0x2007A670, NumItems = 0xD972A, Type = 0x09)
T6D6BF000 060:390.456 - 3.102ms NumItemsRead = 0xD972A
T6D6BF000 060:561.774 JLINK_STRACE_GetInstStats(..., Addr = 0x2007A670, NumItems = 0xD972A, Type = 0x09)
T6D6BF000 060:564.571 - 2.795ms NumItemsRead = 0xD972A
T6D6BF000 060:781.353 JLINK_STRACE_GetInstStats(..., Addr = 0x2007A670, NumItems = 0xD972A, Type = 0x09)
T6D6BF000 060:784.628 - 3.275ms NumItemsRead = 0xD972A
T6D6BF000 060:972.880 JLINK_STRACE_GetInstStats(..., Addr = 0x2007A670, NumItems = 0xD972A, Type = 0x09)
T6D6BF000 060:976.334 - 3.455ms NumItemsRead = 0xD972A
T6D6BF000 061:184.087 JLINK_STRACE_GetInstStats(..., Addr = 0x2007A670, NumItems = 0xD972A, Type = 0x09)
T6D6BF000 061:186.792 - 2.705ms NumItemsRead = 0xD972A
T6D6BF000 061:360.761 JLINK_STRACE_GetInstStats(..., Addr = 0x2007A670, NumItems = 0xD972A, Type = 0x09)
T6D6BF000 061:363.392 - 2.630ms NumItemsRead = 0xD972A
T6D6BF000 061:549.520 JLINK_STRACE_GetInstStats(..., Addr = 0x2007A670, NumItems = 0xD972A, Type = 0x09)
T6D6BF000 061:552.489 - 2.969ms NumItemsRead = 0xD972A
T6D6BF000 061:759.899 JLINK_STRACE_GetInstStats(..., Addr = 0x2007A670, NumItems = 0xD972A, Type = 0x09)
T6D6BF000 061:763.441 - 3.541ms NumItemsRead = 0xD972A
T6D6BF000 061:785.357 JLINK_IsHalted()
T6D6BF000 061:785.594 - 0.237ms returns FALSE
T6D6BF000 061:938.529 JLINK_STRACE_GetInstStats(..., Addr = 0x2007A670, NumItems = 0xD972A, Type = 0x09)
T6D6BF000 061:941.119 - 2.590ms NumItemsRead = 0xD972A
T6D6BF000 062:158.320 JLINK_STRACE_GetInstStats(..., Addr = 0x2007A670, NumItems = 0xD972A, Type = 0x09)
T6D6BF000 062:161.710 - 3.388ms NumItemsRead = 0xD972A
T6D6BF000 062:348.066 JLINK_STRACE_GetInstStats(..., Addr = 0x2007A670, NumItems = 0xD972A, Type = 0x09)
T6D6BF000 062:351.036 - 2.970ms NumItemsRead = 0xD972A
T6D6BF000 062:538.763 JLINK_STRACE_GetInstStats(..., Addr = 0x2007A670, NumItems = 0xD972A, Type = 0x09)
T6D6BF000 062:541.542 - 2.777ms NumItemsRead = 0xD972A
T6D6BF000 062:765.062 JLINK_STRACE_GetInstStats(..., Addr = 0x2007A670, NumItems = 0xD972A, Type = 0x09)
T6D6BF000 062:768.848 - 3.786ms NumItemsRead = 0xD972A
T6D6BF000 062:961.980 JLINK_STRACE_GetInstStats(..., Addr = 0x2007A670, NumItems = 0xD972A, Type = 0x09)
T6D6BF000 062:965.080 - 3.100ms NumItemsRead = 0xD972A
T6D6BF000 063:156.993 JLINK_STRACE_GetInstStats(..., Addr = 0x2007A670, NumItems = 0xD972A, Type = 0x09)
T6D6BF000 063:159.357 - 2.363ms NumItemsRead = 0xD972A
T6D6BF000 063:336.527 JLINK_STRACE_GetInstStats(..., Addr = 0x2007A670, NumItems = 0xD972A, Type = 0x09)
T6D6BF000 063:341.180 - 4.653ms NumItemsRead = 0xD972A
T6D6BF000 063:543.260 JLINK_STRACE_GetInstStats(..., Addr = 0x2007A670, NumItems = 0xD972A, Type = 0x09)
T6D6BF000 063:546.303 - 3.042ms NumItemsRead = 0xD972A
T6D6BF000 063:787.025 JLINK_STRACE_GetInstStats(..., Addr = 0x2007A670, NumItems = 0xD972A, Type = 0x09)
T6D6BF000 063:789.403 - 2.378ms NumItemsRead = 0xD972A
T6D6BF000 063:887.166 JLINK_IsHalted()
T6D6BF000 063:887.385 - 0.218ms returns FALSE
T6D6BF000 064:003.148 JLINK_STRACE_GetInstStats(..., Addr = 0x2007A670, NumItems = 0xD972A, Type = 0x09)
T6D6BF000 064:005.656 - 2.508ms NumItemsRead = 0xD972A
T6D6BF000 064:202.042 JLINK_STRACE_GetInstStats(..., Addr = 0x2007A670, NumItems = 0xD972A, Type = 0x09)
T6D6BF000 064:205.443 - 3.401ms NumItemsRead = 0xD972A
T6D6BF000 064:395.096 JLINK_STRACE_GetInstStats(..., Addr = 0x2007A670, NumItems = 0xD972A, Type = 0x09)
T6D6BF000 064:397.514 - 2.417ms NumItemsRead = 0xD972A
T6D6BF000 064:591.182 JLINK_STRACE_GetInstStats(..., Addr = 0x2007A670, NumItems = 0xD972A, Type = 0x09)
T6D6BF000 064:593.724 - 2.541ms NumItemsRead = 0xD972A
T6D6BF000 064:809.174 JLINK_STRACE_GetInstStats(..., Addr = 0x2007A670, NumItems = 0xD972A, Type = 0x09)
T6D6BF000 064:811.434 - 2.260ms NumItemsRead = 0xD972A
T6D6BF000 065:005.678 JLINK_STRACE_GetInstStats(..., Addr = 0x2007A670, NumItems = 0xD972A, Type = 0x09)
T6D6BF000 065:009.204 - 3.527ms NumItemsRead = 0xD972A
T6D6BF000 065:244.294 JLINK_STRACE_GetInstStats(..., Addr = 0x2007A670, NumItems = 0xD972A, Type = 0x09)
T6D6BF000 065:246.981 - 2.688ms NumItemsRead = 0xD972A
T6D6BF000 065:424.144 JLINK_STRACE_GetInstStats(..., Addr = 0x2007A670, NumItems = 0xD972A, Type = 0x09)
T6D6BF000 065:426.929 - 2.794ms NumItemsRead = 0xD972A
T6D6BF000 065:638.172 JLINK_STRACE_GetInstStats(..., Addr = 0x2007A670, NumItems = 0xD972A, Type = 0x09)
T6D6BF000 065:641.050 - 2.878ms NumItemsRead = 0xD972A
T6D6BF000 065:813.476 JLINK_STRACE_GetInstStats(..., Addr = 0x2007A670, NumItems = 0xD972A, Type = 0x09)
T6D6BF000 065:816.394 - 2.918ms NumItemsRead = 0xD972A
T6D6BF000 065:984.238 JLINK_IsHalted()
T6D6BF000 065:984.438 - 0.200ms returns FALSE
T6D6BF000 065:984.527 JLINK_STRACE_GetInstStats(..., Addr = 0x2007A670, NumItems = 0xD972A, Type = 0x09)
T6D6BF000 065:988.052 - 3.524ms NumItemsRead = 0xD972A
T6D6BF000 066:181.455 JLINK_STRACE_GetInstStats(..., Addr = 0x2007A670, NumItems = 0xD972A, Type = 0x09)
T6D6BF000 066:184.219 - 2.763ms NumItemsRead = 0xD972A
T6D6BF000 066:410.503 JLINK_STRACE_GetInstStats(..., Addr = 0x2007A670, NumItems = 0xD972A, Type = 0x09)
T6D6BF000 066:413.215 - 2.712ms NumItemsRead = 0xD972A
T6D6BF000 066:567.728 JLINK_STRACE_GetInstStats(..., Addr = 0x2007A670, NumItems = 0xD972A, Type = 0x09)
T6D6BF000 066:571.162 - 3.435ms NumItemsRead = 0xD972A
T6D6BF000 066:769.164 JLINK_STRACE_GetInstStats(..., Addr = 0x2007A670, NumItems = 0xD972A, Type = 0x09)
T6D6BF000 066:772.106 - 2.942ms NumItemsRead = 0xD972A
T6D6BF000 066:966.655 JLINK_STRACE_GetInstStats(..., Addr = 0x2007A670, NumItems = 0xD972A, Type = 0x09)
T6D6BF000 066:969.036 - 2.381ms NumItemsRead = 0xD972A
T6D6BF000 067:159.315 JLINK_STRACE_GetInstStats(..., Addr = 0x2007A670, NumItems = 0xD972A, Type = 0x09)
T6D6BF000 067:162.465 - 3.150ms NumItemsRead = 0xD972A
T6D6BF000 067:354.759 JLINK_STRACE_GetInstStats(..., Addr = 0x2007A670, NumItems = 0xD972A, Type = 0x09)
T6D6BF000 067:358.550 - 3.791ms NumItemsRead = 0xD972A
T6D6BF000 067:556.718 JLINK_STRACE_GetInstStats(..., Addr = 0x2007A670, NumItems = 0xD972A, Type = 0x09)
T6D6BF000 067:560.228 - 3.510ms NumItemsRead = 0xD972A
T6D6BF000 067:749.477 JLINK_STRACE_GetInstStats(..., Addr = 0x2007A670, NumItems = 0xD972A, Type = 0x09)
T6D6BF000 067:754.509 - 5.032ms NumItemsRead = 0xD972A
T6D6BF000 067:945.896 JLINK_STRACE_GetInstStats(..., Addr = 0x2007A670, NumItems = 0xD972A, Type = 0x09)
T6D6BF000 067:949.608 - 3.712ms NumItemsRead = 0xD972A
T6D6BF000 068:064.372 JLINK_IsHalted()
T6D6BF000 068:064.589 - 0.216ms returns FALSE
T6D6BF000 068:141.489 JLINK_STRACE_GetInstStats(..., Addr = 0x2007A670, NumItems = 0xD972A, Type = 0x09)
T6D6BF000 068:144.518 - 3.029ms NumItemsRead = 0xD972A
T6D6BF000 068:330.292 JLINK_STRACE_GetInstStats(..., Addr = 0x2007A670, NumItems = 0xD972A, Type = 0x09)
T6D6BF000 068:332.968 - 2.676ms NumItemsRead = 0xD972A
T6D6BF000 068:531.578 JLINK_STRACE_GetInstStats(..., Addr = 0x2007A670, NumItems = 0xD972A, Type = 0x09)
T6D6BF000 068:534.786 - 3.208ms NumItemsRead = 0xD972A
T6D6BF000 068:755.742 JLINK_STRACE_GetInstStats(..., Addr = 0x2007A670, NumItems = 0xD972A, Type = 0x09)
T6D6BF000 068:758.323 - 2.581ms NumItemsRead = 0xD972A
T6D6BF000 068:946.268 JLINK_STRACE_GetInstStats(..., Addr = 0x2007A670, NumItems = 0xD972A, Type = 0x09)
T6D6BF000 068:949.034 - 2.765ms NumItemsRead = 0xD972A
T6D6BF000 069:163.561 JLINK_STRACE_GetInstStats(..., Addr = 0x2007A670, NumItems = 0xD972A, Type = 0x09)
T6D6BF000 069:167.385 - 3.825ms NumItemsRead = 0xD972A
T6D6BF000 069:373.186 JLINK_STRACE_GetInstStats(..., Addr = 0x2007A670, NumItems = 0xD972A, Type = 0x09)
T6D6BF000 069:376.323 - 3.137ms NumItemsRead = 0xD972A
T6D6BF000 069:539.721 JLINK_STRACE_GetInstStats(..., Addr = 0x2007A670, NumItems = 0xD972A, Type = 0x09)
T6D6BF000 069:542.684 - 2.962ms NumItemsRead = 0xD972A
T6D6BF000 069:755.381 JLINK_STRACE_GetInstStats(..., Addr = 0x2007A670, NumItems = 0xD972A, Type = 0x09)
T6D6BF000 069:758.046 - 2.666ms NumItemsRead = 0xD972A
T6D6BF000 069:935.014 JLINK_STRACE_GetInstStats(..., Addr = 0x2007A670, NumItems = 0xD972A, Type = 0x09)
T6D6BF000 069:938.424 - 3.410ms NumItemsRead = 0xD972A
T6D6BF000 070:129.884 JLINK_STRACE_GetInstStats(..., Addr = 0x2007A670, NumItems = 0xD972A, Type = 0x09)
T6D6BF000 070:133.215 - 3.331ms NumItemsRead = 0xD972A
T6D6BF000 070:151.513 JLINK_IsHalted()
T6D6BF000 070:151.726 - 0.213ms returns FALSE
T6D6BF000 070:346.793 JLINK_STRACE_GetInstStats(..., Addr = 0x2007A670, NumItems = 0xD972A, Type = 0x09)
T6D6BF000 070:349.712 - 2.919ms NumItemsRead = 0xD972A
T6D6BF000 070:544.713 JLINK_STRACE_GetInstStats(..., Addr = 0x2007A670, NumItems = 0xD972A, Type = 0x09)
T6D6BF000 070:547.581 - 2.868ms NumItemsRead = 0xD972A
T6D6BF000 070:754.539 JLINK_STRACE_GetInstStats(..., Addr = 0x2007A670, NumItems = 0xD972A, Type = 0x09)
T6D6BF000 070:757.411 - 2.872ms NumItemsRead = 0xD972A
T6D6BF000 070:944.191 JLINK_STRACE_GetInstStats(..., Addr = 0x2007A670, NumItems = 0xD972A, Type = 0x09)
T6D6BF000 070:947.348 - 3.157ms NumItemsRead = 0xD972A
T6D6BF000 071:132.839 JLINK_STRACE_GetInstStats(..., Addr = 0x2007A670, NumItems = 0xD972A, Type = 0x09)
T6D6BF000 071:136.344 - 3.505ms NumItemsRead = 0xD972A
T6D6BF000 071:326.652 JLINK_STRACE_GetInstStats(..., Addr = 0x2007A670, NumItems = 0xD972A, Type = 0x09)
T6D6BF000 071:330.982 - 4.330ms NumItemsRead = 0xD972A
T6D6BF000 071:523.147 JLINK_STRACE_GetInstStats(..., Addr = 0x2007A670, NumItems = 0xD972A, Type = 0x09)
T6D6BF000 071:527.878 - 4.731ms NumItemsRead = 0xD972A
T6D6BF000 071:691.481 JLINK_STRACE_GetInstStats(..., Addr = 0x2007A670, NumItems = 0xD972A, Type = 0x09)
T6D6BF000 071:694.530 - 3.049ms NumItemsRead = 0xD972A
T6D6BF000 071:896.586 JLINK_STRACE_GetInstStats(..., Addr = 0x2007A670, NumItems = 0xD972A, Type = 0x09)
T6D6BF000 071:899.700 - 3.114ms NumItemsRead = 0xD972A
T6D6BF000 072:084.786 JLINK_STRACE_GetInstStats(..., Addr = 0x2007A670, NumItems = 0xD972A, Type = 0x09)
T6D6BF000 072:088.027 - 3.241ms NumItemsRead = 0xD972A
T6D6BF000 072:237.845 JLINK_IsHalted()
T6D6BF000 072:238.035 - 0.189ms returns FALSE
T6D6BF000 072:271.310 JLINK_STRACE_GetInstStats(..., Addr = 0x2007A670, NumItems = 0xD972A, Type = 0x09)
T6D6BF000 072:274.866 - 3.556ms NumItemsRead = 0xD972A
T6D6BF000 072:484.816 JLINK_STRACE_GetInstStats(..., Addr = 0x2007A670, NumItems = 0xD972A, Type = 0x09)
T6D6BF000 072:490.059 - 5.243ms NumItemsRead = 0xD972A
T6D6BF000 072:669.823 JLINK_STRACE_GetInstStats(..., Addr = 0x2007A670, NumItems = 0xD972A, Type = 0x09)
T6D6BF000 072:674.880 - 5.058ms NumItemsRead = 0xD972A
T6D6BF000 072:872.224 JLINK_STRACE_GetInstStats(..., Addr = 0x2007A670, NumItems = 0xD972A, Type = 0x09)
T6D6BF000 072:875.507 - 3.282ms NumItemsRead = 0xD972A
T6D6BF000 073:053.879 JLINK_STRACE_GetInstStats(..., Addr = 0x2007A670, NumItems = 0xD972A, Type = 0x09)
T6D6BF000 073:057.507 - 3.628ms NumItemsRead = 0xD972A
T6D6BF000 073:256.104 JLINK_STRACE_GetInstStats(..., Addr = 0x2007A670, NumItems = 0xD972A, Type = 0x09)
T6D6BF000 073:259.755 - 3.649ms NumItemsRead = 0xD972A
T6D6BF000 073:472.025 JLINK_STRACE_GetInstStats(..., Addr = 0x2007A670, NumItems = 0xD972A, Type = 0x09)
T6D6BF000 073:475.585 - 3.560ms NumItemsRead = 0xD972A
T6D6BF000 073:658.451 JLINK_STRACE_GetInstStats(..., Addr = 0x2007A670, NumItems = 0xD972A, Type = 0x09)
T6D6BF000 073:661.714 - 3.263ms NumItemsRead = 0xD972A
T6D6BF000 073:850.281 JLINK_STRACE_GetInstStats(..., Addr = 0x2007A670, NumItems = 0xD972A, Type = 0x09)
T6D6BF000 073:854.904 - 4.623ms NumItemsRead = 0xD972A
T6D6BF000 074:051.713 JLINK_STRACE_GetInstStats(..., Addr = 0x2007A670, NumItems = 0xD972A, Type = 0x09)
T6D6BF000 074:055.199 - 3.485ms NumItemsRead = 0xD972A
T6D6BF000 074:256.236 JLINK_STRACE_GetInstStats(..., Addr = 0x2007A670, NumItems = 0xD972A, Type = 0x09)
T6D6BF000 074:259.848 - 3.612ms NumItemsRead = 0xD972A
T6D6BF000 074:338.684 JLINK_IsHalted()
T6D6BF000 074:338.879 - 0.196ms returns FALSE
T6D6BF000 074:442.388 JLINK_STRACE_GetInstStats(..., Addr = 0x2007A670, NumItems = 0xD972A, Type = 0x09)
T6D6BF000 074:446.756 - 4.368ms NumItemsRead = 0xD972A
T6D6BF000 074:630.121 JLINK_STRACE_GetInstStats(..., Addr = 0x2007A670, NumItems = 0xD972A, Type = 0x09)
T6D6BF000 074:633.109 - 2.989ms NumItemsRead = 0xD972A
T6D6BF000 074:841.808 JLINK_STRACE_GetInstStats(..., Addr = 0x2007A670, NumItems = 0xD972A, Type = 0x09)
T6D6BF000 074:845.531 - 3.723ms NumItemsRead = 0xD972A
T6D6BF000 075:039.269 JLINK_STRACE_GetInstStats(..., Addr = 0x2007A670, NumItems = 0xD972A, Type = 0x09)
T6D6BF000 075:042.617 - 3.348ms NumItemsRead = 0xD972A
T6D6BF000 075:230.818 JLINK_STRACE_GetInstStats(..., Addr = 0x2007A670, NumItems = 0xD972A, Type = 0x09)
T6D6BF000 075:234.532 - 3.714ms NumItemsRead = 0xD972A
T6D6BF000 075:450.280 JLINK_STRACE_GetInstStats(..., Addr = 0x2007A670, NumItems = 0xD972A, Type = 0x09)
T6D6BF000 075:454.523 - 4.242ms NumItemsRead = 0xD972A
T6D6BF000 075:638.903 JLINK_STRACE_GetInstStats(..., Addr = 0x2007A670, NumItems = 0xD972A, Type = 0x09)
T6D6BF000 075:642.004 - 3.100ms NumItemsRead = 0xD972A
T6D6BF000 075:822.178 JLINK_STRACE_GetInstStats(..., Addr = 0x2007A670, NumItems = 0xD972A, Type = 0x09)
T6D6BF000 075:826.014 - 3.835ms NumItemsRead = 0xD972A
T6D6BF000 076:023.975 JLINK_STRACE_GetInstStats(..., Addr = 0x2007A670, NumItems = 0xD972A, Type = 0x09)
T6D6BF000 076:028.635 - 4.659ms NumItemsRead = 0xD972A
T6D6BF000 076:209.515 JLINK_STRACE_GetInstStats(..., Addr = 0x2007A670, NumItems = 0xD972A, Type = 0x09)
T6D6BF000 076:213.012 - 3.496ms NumItemsRead = 0xD972A
T6D6BF000 076:301.205 JLINK_STRACE_GetInstStats(..., Addr = 0x2007A670, NumItems = 0xD972A, Type = 0x09)
T6D6BF000 076:304.894 - 3.688ms NumItemsRead = 0xD972A
T6D6BF000 076:412.607 JLINK_STRACE_GetInstStats(..., Addr = 0x2007A670, NumItems = 0xD972A, Type = 0x09)
T6D6BF000 076:417.316 - 4.707ms NumItemsRead = 0xD972A
T6D6BF000 076:417.658 JLINK_IsHalted()
T6D6BF000 076:417.874 - 0.214ms returns FALSE
T6D6BF000 076:815.227 JLINK_STRACE_GetInstStats(..., Addr = 0x2007A670, NumItems = 0xD972A, Type = 0x09)
T6D6BF000 076:819.110 - 3.882ms NumItemsRead = 0xD972A
T6D6BF000 076:993.370 JLINK_STRACE_GetInstStats(..., Addr = 0x2007A670, NumItems = 0xD972A, Type = 0x09)
T6D6BF000 076:997.109 - 3.738ms NumItemsRead = 0xD972A
T6D6BF000 077:189.198 JLINK_STRACE_GetInstStats(..., Addr = 0x2007A670, NumItems = 0xD972A, Type = 0x09)
T6D6BF000 077:192.942 - 3.744ms NumItemsRead = 0xD972A
T6D6BF000 077:406.926 JLINK_STRACE_GetInstStats(..., Addr = 0x2007A670, NumItems = 0xD972A, Type = 0x09)
T6D6BF000 077:411.757 - 4.829ms NumItemsRead = 0xD972A
T6D6BF000 077:614.445 JLINK_STRACE_GetInstStats(..., Addr = 0x2007A670, NumItems = 0xD972A, Type = 0x09)
T6D6BF000 077:620.396 - 5.950ms NumItemsRead = 0xD972A
T6D6BF000 077:804.157 JLINK_STRACE_GetInstStats(..., Addr = 0x2007A670, NumItems = 0xD972A, Type = 0x09)
T6D6BF000 077:809.479 - 5.322ms NumItemsRead = 0xD972A
T6D6BF000 078:048.534 JLINK_STRACE_GetInstStats(..., Addr = 0x2007A670, NumItems = 0xD972A, Type = 0x09)
T6D6BF000 078:053.920 - 5.386ms NumItemsRead = 0xD972A
T6D6BF000 078:197.603 JLINK_STRACE_GetInstStats(..., Addr = 0x2007A670, NumItems = 0xD972A, Type = 0x09)
T6D6BF000 078:203.043 - 5.440ms NumItemsRead = 0xD972A
T6D6BF000 078:382.706 JLINK_STRACE_GetInstStats(..., Addr = 0x2007A670, NumItems = 0xD972A, Type = 0x09)
T6D6BF000 078:387.946 - 5.239ms NumItemsRead = 0xD972A
T6D6BF000 078:517.632 JLINK_IsHalted()
T6D6BF000 078:517.901 - 0.269ms returns FALSE
T6D6BF000 078:586.424 JLINK_STRACE_GetInstStats(..., Addr = 0x2007A670, NumItems = 0xD972A, Type = 0x09)
T6D6BF000 078:592.745 - 6.322ms NumItemsRead = 0xD972A
T6D6BF000 078:808.575 JLINK_STRACE_GetInstStats(..., Addr = 0x2007A670, NumItems = 0xD972A, Type = 0x09)
T6D6BF000 078:813.425 - 4.850ms NumItemsRead = 0xD972A
T6D6BF000 079:000.825 JLINK_STRACE_GetInstStats(..., Addr = 0x2007A670, NumItems = 0xD972A, Type = 0x09)
T6D6BF000 079:006.507 - 5.681ms NumItemsRead = 0xD972A
T6D6BF000 079:193.296 JLINK_STRACE_GetInstStats(..., Addr = 0x2007A670, NumItems = 0xD972A, Type = 0x09)
T6D6BF000 079:198.121 - 4.825ms NumItemsRead = 0xD972A
T6D6BF000 079:377.475 JLINK_STRACE_GetInstStats(..., Addr = 0x2007A670, NumItems = 0xD972A, Type = 0x09)
T6D6BF000 079:383.126 - 5.650ms NumItemsRead = 0xD972A
T6D6BF000 079:578.567 JLINK_STRACE_GetInstStats(..., Addr = 0x2007A670, NumItems = 0xD972A, Type = 0x09)
T6D6BF000 079:584.163 - 5.596ms NumItemsRead = 0xD972A
